#
# There is insufficient memory for the Java Runtime Environment to continue.
# Native memory allocation (malloc) failed to allocate 1728656 bytes. Error detail: Chunk::new
# Possible reasons:
#   The system is out of physical RAM or swap space
#   This process is running with CompressedOops enabled, and the Java Heap may be blocking the growth of the native heap
# Possible solutions:
#   Reduce memory load on the system
#   Increase physical memory or swap space
#   Check if swap backing store is full
#   Decrease Java heap size (-Xmx/-Xms)
#   Decrease number of Java threads
#   Decrease Java thread stack sizes (-Xss)
#   Set larger code cache with -XX:ReservedCodeCacheSize=
#   JVM is running with Unscaled Compressed Oops mode in which the Java heap is
#     placed in the first 4GB address space. The Java Heap base address is the
#     maximum limit for the native heap growth. Please use -XX:HeapBaseMinAddress
#     to set the Java Heap base and to place the Java Heap above 4GB virtual address.
# This output file may be truncated or incomplete.
#
#  Out of Memory Error (arena.cpp:168), pid=14320, tid=9520
#
# JRE version: OpenJDK Runtime Environment (21.0.5) (build 21.0.5+-13047016-b750.29)
# Java VM: OpenJDK 64-Bit Server VM (21.0.5+-13047016-b750.29, mixed mode, tiered, compressed oops, compressed class ptrs, g1 gc, windows-amd64)
# No core dump will be written. Minidumps are not enabled by default on client versions of Windows
#

---------------  S U M M A R Y ------------

Command Line: --add-opens=java.base/java.util=ALL-UNNAMED --add-opens=java.base/java.lang=ALL-UNNAMED --add-opens=java.base/java.lang.invoke=ALL-UNNAMED --add-opens=java.prefs/java.util.prefs=ALL-UNNAMED --add-exports=jdk.compiler/com.sun.tools.javac.api=ALL-UNNAMED --add-exports=jdk.compiler/com.sun.tools.javac.util=ALL-UNNAMED --add-opens=java.base/java.nio.charset=ALL-UNNAMED --add-opens=java.base/java.net=ALL-UNNAMED --add-opens=java.base/java.util.concurrent.atomic=ALL-UNNAMED -Xmx2048m -Dfile.encoding=UTF-8 -Duser.country=US -Duser.language=en -Duser.variant -javaagent:C:\Users\Admin\.gradle\wrapper\dists\gradle-8.10.2-bin\a04bxjujx95o3nb99gddekhwo\gradle-8.10.2\lib\agents\gradle-instrumentation-agent-8.10.2.jar org.gradle.launcher.daemon.bootstrap.GradleDaemon 8.10.2

Host: AMD Ryzen 5 4600H with Radeon Graphics         , 12 cores, 15G,  Windows 11 , 64 bit Build 26100 (10.0.26100.3575)
Time: Thu Jun  5 06:12:11 2025 SE Asia Standard Time elapsed time: 7.295185 seconds (0d 0h 0m 7s)

---------------  T H R E A D  ---------------

Current thread (0x0000028d7911bf60):  JavaThread "C2 CompilerThread0" daemon [_thread_in_native, id=9520, stack(0x000000ca86d00000,0x000000ca86e00000) (1024K)]


Current CompileTask:
C2:7295 4642       4       java.lang.invoke.InvokerBytecodeGenerator::addMethod (725 bytes)

Stack: [0x000000ca86d00000,0x000000ca86e00000]
Native frames: (J=compiled Java code, j=interpreted, Vv=VM code, C=native code)
V  [jvm.dll+0x6cfb29]
V  [jvm.dll+0x85df93]
V  [jvm.dll+0x8604ee]
V  [jvm.dll+0x860bd3]
V  [jvm.dll+0x27e6b6]
V  [jvm.dll+0xbff6d]
V  [jvm.dll+0xc04a3]
V  [jvm.dll+0x3b5fc1]
V  [jvm.dll+0x381f97]
V  [jvm.dll+0x38140a]
V  [jvm.dll+0x247c62]
V  [jvm.dll+0x247231]
V  [jvm.dll+0x1c5ee4]
V  [jvm.dll+0x25697c]
V  [jvm.dll+0x254ec6]
V  [jvm.dll+0x3f0ce6]
V  [jvm.dll+0x806368]
V  [jvm.dll+0x6ce3fd]
C  [ucrtbase.dll+0x37b0]
C  [KERNEL32.DLL+0x2e8d7]
C  [ntdll.dll+0xb14fc]


---------------  P R O C E S S  ---------------

Threads class SMR info:
_java_thread_list=0x0000028d0293a460, length=33, elements={
0x0000028d5f2077b0, 0x0000028d790ec4f0, 0x0000028d790ecf40, 0x0000028d79108f60,
0x0000028d791099b0, 0x0000028d7910a400, 0x0000028d7911b1e0, 0x0000028d7911bf60,
0x0000028d79135750, 0x0000028d791f6cd0, 0x0000028d7966f1f0, 0x0000028d7f3da630,
0x0000028d7f325cb0, 0x0000028d7f549890, 0x0000028d7f319390, 0x0000028d7f461180,
0x0000028d7f34d100, 0x0000028d7f2cb8d0, 0x0000028d7f2cd080, 0x0000028d7f3829f0,
0x0000028d7f383050, 0x0000028d7f929320, 0x0000028d7f92ba80, 0x0000028d7f9299b0,
0x0000028d7f92b3f0, 0x0000028d7f92a040, 0x0000028d7f928600, 0x0000028d7f928c90,
0x0000028d7f92a6d0, 0x0000028d7f92ad60, 0x0000028d01d6c780, 0x0000028d01d69990,
0x0000028d02452230
}

Java Threads: ( => current thread )
  0x0000028d5f2077b0 JavaThread "main"                              [_thread_blocked, id=21580, stack(0x000000ca85f00000,0x000000ca86000000) (1024K)]
  0x0000028d790ec4f0 JavaThread "Reference Handler"          daemon [_thread_blocked, id=20848, stack(0x000000ca86700000,0x000000ca86800000) (1024K)]
  0x0000028d790ecf40 JavaThread "Finalizer"                  daemon [_thread_blocked, id=1552, stack(0x000000ca86800000,0x000000ca86900000) (1024K)]
  0x0000028d79108f60 JavaThread "Signal Dispatcher"          daemon [_thread_blocked, id=9416, stack(0x000000ca86900000,0x000000ca86a00000) (1024K)]
  0x0000028d791099b0 JavaThread "Attach Listener"            daemon [_thread_blocked, id=2580, stack(0x000000ca86a00000,0x000000ca86b00000) (1024K)]
  0x0000028d7910a400 JavaThread "Service Thread"             daemon [_thread_blocked, id=2880, stack(0x000000ca86b00000,0x000000ca86c00000) (1024K)]
  0x0000028d7911b1e0 JavaThread "Monitor Deflation Thread"   daemon [_thread_blocked, id=6256, stack(0x000000ca86c00000,0x000000ca86d00000) (1024K)]
=>0x0000028d7911bf60 JavaThread "C2 CompilerThread0"         daemon [_thread_in_native, id=9520, stack(0x000000ca86d00000,0x000000ca86e00000) (1024K)]
  0x0000028d79135750 JavaThread "C1 CompilerThread0"         daemon [_thread_blocked, id=2876, stack(0x000000ca86e00000,0x000000ca86f00000) (1024K)]
  0x0000028d791f6cd0 JavaThread "Common-Cleaner"             daemon [_thread_blocked, id=4268, stack(0x000000ca86f00000,0x000000ca87000000) (1024K)]
  0x0000028d7966f1f0 JavaThread "Notification Thread"        daemon [_thread_blocked, id=12168, stack(0x000000ca87000000,0x000000ca87100000) (1024K)]
  0x0000028d7f3da630 JavaThread "Daemon health stats"               [_thread_blocked, id=16548, stack(0x000000ca87800000,0x000000ca87900000) (1024K)]
  0x0000028d7f325cb0 JavaThread "Incoming local TCP Connector on port 52331"        [_thread_in_native, id=3360, stack(0x000000ca87900000,0x000000ca87a00000) (1024K)]
  0x0000028d7f549890 JavaThread "Daemon periodic checks"            [_thread_blocked, id=16724, stack(0x000000ca87a00000,0x000000ca87b00000) (1024K)]
  0x0000028d7f319390 JavaThread "Daemon"                            [_thread_blocked, id=2620, stack(0x000000ca87b00000,0x000000ca87c00000) (1024K)]
  0x0000028d7f461180 JavaThread "Handler for socket connection from /127.0.0.1:52331 to /127.0.0.1:52332"        [_thread_in_native, id=3084, stack(0x000000ca87c00000,0x000000ca87d00000) (1024K)]
  0x0000028d7f34d100 JavaThread "Cancel handler"                    [_thread_blocked, id=19308, stack(0x000000ca87d00000,0x000000ca87e00000) (1024K)]
  0x0000028d7f2cb8d0 JavaThread "Daemon worker"                     [_thread_in_vm, id=11376, stack(0x000000ca87e00000,0x000000ca87f00000) (1024K)]
  0x0000028d7f2cd080 JavaThread "Asynchronous log dispatcher for DefaultDaemonConnection: socket connection from /127.0.0.1:52331 to /127.0.0.1:52332"        [_thread_blocked, id=21360, stack(0x000000ca87f00000,0x000000ca88000000) (1024K)]
  0x0000028d7f3829f0 JavaThread "Stdin handler"                     [_thread_blocked, id=18760, stack(0x000000ca88000000,0x000000ca88100000) (1024K)]
  0x0000028d7f383050 JavaThread "Daemon client event forwarder"        [_thread_blocked, id=2884, stack(0x000000ca88100000,0x000000ca88200000) (1024K)]
  0x0000028d7f929320 JavaThread "Cache worker for journal cache (C:\Users\Admin\.gradle\caches\journal-1)"        [_thread_blocked, id=13460, stack(0x000000ca87700000,0x000000ca87800000) (1024K)]
  0x0000028d7f92ba80 JavaThread "File lock request listener"        [_thread_in_native, id=15920, stack(0x000000ca88700000,0x000000ca88800000) (1024K)]
  0x0000028d7f9299b0 JavaThread "Cache worker for file hash cache (C:\Users\Admin\.gradle\caches\8.10.2\fileHashes)"        [_thread_blocked, id=7084, stack(0x000000ca88800000,0x000000ca88900000) (1024K)]
  0x0000028d7f92b3f0 JavaThread "Cache worker for file hash cache (D:\uit\hkvi\NT118\Project\nutrition-tracker\.gradle\8.10.2\fileHashes)"        [_thread_blocked, id=18808, stack(0x000000ca88b00000,0x000000ca88c00000) (1024K)]
  0x0000028d7f92a040 JavaThread "Cache worker for Build Output Cleanup Cache (D:\uit\hkvi\NT118\Project\nutrition-tracker\.gradle\buildOutputCleanup)"        [_thread_blocked, id=2744, stack(0x000000ca88c00000,0x000000ca88d00000) (1024K)]
  0x0000028d7f928600 JavaThread "File watcher server"        daemon [_thread_in_native, id=22340, stack(0x000000ca88d00000,0x000000ca88e00000) (1024K)]
  0x0000028d7f928c90 JavaThread "File watcher consumer"      daemon [_thread_blocked, id=5100, stack(0x000000ca88e00000,0x000000ca88f00000) (1024K)]
  0x0000028d7f92a6d0 JavaThread "Cache worker for checksums cache (D:\uit\hkvi\NT118\Project\nutrition-tracker\.gradle\8.10.2\checksums)"        [_thread_blocked, id=14208, stack(0x000000ca88a00000,0x000000ca88b00000) (1024K)]
  0x0000028d7f92ad60 JavaThread "Cache worker for file content cache (C:\Users\Admin\.gradle\caches\8.10.2\fileContent)"        [_thread_blocked, id=8764, stack(0x000000ca88f00000,0x000000ca89000000) (1024K)]
  0x0000028d01d6c780 JavaThread "Cache worker for cache directory md-rule (C:\Users\Admin\.gradle\caches\8.10.2\md-rule)"        [_thread_blocked, id=17928, stack(0x000000ca89000000,0x000000ca89100000) (1024K)]
  0x0000028d01d69990 JavaThread "Cache worker for cache directory md-supplier (C:\Users\Admin\.gradle\caches\8.10.2\md-supplier)"        [_thread_blocked, id=17144, stack(0x000000ca89100000,0x000000ca89200000) (1024K)]
  0x0000028d02452230 JavaThread "C2 CompilerThread1"         daemon [_thread_in_native, id=13988, stack(0x000000ca88900000,0x000000ca88a00000) (1024K)]
Total: 33

Other Threads:
  0x0000028d7906d8d0 VMThread "VM Thread"                           [id=1980, stack(0x000000ca86600000,0x000000ca86700000) (1024K)]
  0x0000028d790609d0 WatcherThread "VM Periodic Task Thread"        [id=15348, stack(0x000000ca86500000,0x000000ca86600000) (1024K)]
  0x0000028d614b38e0 WorkerThread "GC Thread#0"                     [id=12588, stack(0x000000ca86000000,0x000000ca86100000) (1024K)]
  0x0000028d7e0dfb60 WorkerThread "GC Thread#1"                     [id=3276, stack(0x000000ca87300000,0x000000ca87400000) (1024K)]
  0x0000028d7e0dff00 WorkerThread "GC Thread#2"                     [id=14748, stack(0x000000ca87400000,0x000000ca87500000) (1024K)]
  0x0000028d7e0e02a0 WorkerThread "GC Thread#3"                     [id=11492, stack(0x000000ca87500000,0x000000ca87600000) (1024K)]
  0x0000028d798a0180 WorkerThread "GC Thread#4"                     [id=17360, stack(0x000000ca87600000,0x000000ca87700000) (1024K)]
  0x0000028d7f2178b0 WorkerThread "GC Thread#5"                     [id=11480, stack(0x000000ca87100000,0x000000ca87200000) (1024K)]
  0x0000028d7f217c50 WorkerThread "GC Thread#6"                     [id=21328, stack(0x000000ca87200000,0x000000ca87300000) (1024K)]
  0x0000028d7f3c8f40 WorkerThread "GC Thread#7"                     [id=7292, stack(0x000000ca88200000,0x000000ca88300000) (1024K)]
  0x0000028d7f3c9680 WorkerThread "GC Thread#8"                     [id=7900, stack(0x000000ca88300000,0x000000ca88400000) (1024K)]
  0x0000028d7f3c92e0 WorkerThread "GC Thread#9"                     [id=9864, stack(0x000000ca88400000,0x000000ca88500000) (1024K)]
  0x0000028d61502b80 ConcurrentGCThread "G1 Main Marker"            [id=19960, stack(0x000000ca86100000,0x000000ca86200000) (1024K)]
  0x0000028d61504a50 WorkerThread "G1 Conc#0"                       [id=6884, stack(0x000000ca86200000,0x000000ca86300000) (1024K)]
  0x0000028d7f3c9a20 WorkerThread "G1 Conc#1"                       [id=14884, stack(0x000000ca88500000,0x000000ca88600000) (1024K)]
  0x0000028d7f3c9dc0 WorkerThread "G1 Conc#2"                       [id=13984, stack(0x000000ca88600000,0x000000ca88700000) (1024K)]
  0x0000028d78ed15d0 ConcurrentGCThread "G1 Refine#0"               [id=19872, stack(0x000000ca86300000,0x000000ca86400000) (1024K)]
  0x0000028d78ed1df0 ConcurrentGCThread "G1 Service"                [id=7576, stack(0x000000ca86400000,0x000000ca86500000) (1024K)]
Total: 18

Threads with active compile tasks:
C2 CompilerThread0  7336 4642       4       java.lang.invoke.InvokerBytecodeGenerator::addMethod (725 bytes)
C2 CompilerThread1  7336 4664       4       java.net.URLClassLoader$1::run (5 bytes)
Total: 2

VM state: not at safepoint (normal execution)

VM Mutex/Monitor currently owned by a thread: None

Heap address: 0x0000000080000000, size: 2048 MB, Compressed Oops mode: 32-bit

CDS archive(s) not mapped
Compressed class space mapped at: 0x0000000100000000-0x0000000140000000, reserved size: 1073741824
Narrow klass base: 0x0000000000000000, Narrow klass shift: 3, Narrow klass range: 0x140000000

GC Precious Log:
 CardTable entry size: 512
 Card Set container configuration: InlinePtr #cards 5 size 8 Array Of Cards #cards 12 size 40 Howl #buckets 4 coarsen threshold 1843 Howl Bitmap #cards 512 size 80 coarsen threshold 460 Card regions per heap region 1 cards per card region 2048
 CPUs: 12 total, 12 available
 Memory: 15789M
 Large Page Support: Disabled
 NUMA Support: Disabled
 Compressed Oops: Enabled (32-bit)
 Heap Region Size: 1M
 Heap Min Capacity: 8M
 Heap Initial Capacity: 248M
 Heap Max Capacity: 2G
 Pre-touch: Disabled
 Parallel Workers: 10
 Concurrent Workers: 3
 Concurrent Refinement Workers: 10
 Periodic GC: Disabled

Heap:
 garbage-first heap   total 89088K, used 38175K [0x0000000080000000, 0x0000000100000000)
  region size 1024K, 10 young (10240K), 6 survivors (6144K)
 Metaspace       used 51118K, committed 52608K, reserved 1114112K
  class space    used 6974K, committed 7744K, reserved 1048576K

Heap Regions: E=young(eden), S=young(survivor), O=old, HS=humongous(starts), HC=humongous(continues), CS=collection set, F=free, TAMS=top-at-mark-start, PB=parsable bottom
|   0|0x0000000080000000, 0x0000000080100000, 0x0000000080100000|100%| O|  |TAMS 0x0000000080000000| PB 0x0000000080000000| Untracked 
|   1|0x0000000080100000, 0x0000000080200000, 0x0000000080200000|100%| O|  |TAMS 0x0000000080100000| PB 0x0000000080100000| Untracked 
|   2|0x0000000080200000, 0x0000000080300000, 0x0000000080300000|100%|HS|  |TAMS 0x0000000080200000| PB 0x0000000080200000| Complete 
|   3|0x0000000080300000, 0x0000000080400000, 0x0000000080400000|100%|HC|  |TAMS 0x0000000080300000| PB 0x0000000080300000| Complete 
|   4|0x0000000080400000, 0x0000000080500000, 0x0000000080500000|100%|HC|  |TAMS 0x0000000080400000| PB 0x0000000080400000| Complete 
|   5|0x0000000080500000, 0x0000000080600000, 0x0000000080600000|100%|HC|  |TAMS 0x0000000080500000| PB 0x0000000080500000| Complete 
|   6|0x0000000080600000, 0x0000000080700000, 0x0000000080700000|100%| O|  |TAMS 0x0000000080600000| PB 0x0000000080600000| Untracked 
|   7|0x0000000080700000, 0x0000000080800000, 0x0000000080800000|100%| O|  |TAMS 0x0000000080700000| PB 0x0000000080700000| Untracked 
|   8|0x0000000080800000, 0x0000000080900000, 0x0000000080900000|100%| O|  |TAMS 0x0000000080800000| PB 0x0000000080800000| Untracked 
|   9|0x0000000080900000, 0x0000000080a00000, 0x0000000080a00000|100%|HS|  |TAMS 0x0000000080900000| PB 0x0000000080900000| Complete 
|  10|0x0000000080a00000, 0x0000000080b00000, 0x0000000080b00000|100%| O|  |TAMS 0x0000000080a00000| PB 0x0000000080a00000| Untracked 
|  11|0x0000000080b00000, 0x0000000080c00000, 0x0000000080c00000|100%| O|  |TAMS 0x0000000080b00000| PB 0x0000000080b00000| Untracked 
|  12|0x0000000080c00000, 0x0000000080d00000, 0x0000000080d00000|100%| O|  |TAMS 0x0000000080c00000| PB 0x0000000080c00000| Untracked 
|  13|0x0000000080d00000, 0x0000000080e00000, 0x0000000080e00000|100%| O|  |TAMS 0x0000000080d00000| PB 0x0000000080d00000| Untracked 
|  14|0x0000000080e00000, 0x0000000080f00000, 0x0000000080f00000|100%| O|  |TAMS 0x0000000080e00000| PB 0x0000000080e00000| Untracked 
|  15|0x0000000080f00000, 0x0000000081000000, 0x0000000081000000|100%| O|  |TAMS 0x0000000080f00000| PB 0x0000000080f00000| Untracked 
|  16|0x0000000081000000, 0x0000000081100000, 0x0000000081100000|100%| O|  |TAMS 0x0000000081000000| PB 0x0000000081000000| Untracked 
|  17|0x0000000081100000, 0x0000000081200000, 0x0000000081200000|100%| O|  |TAMS 0x0000000081100000| PB 0x0000000081100000| Untracked 
|  18|0x0000000081200000, 0x0000000081300000, 0x0000000081300000|100%| O|  |TAMS 0x0000000081200000| PB 0x0000000081200000| Untracked 
|  19|0x0000000081300000, 0x0000000081400000, 0x0000000081400000|100%| O|  |TAMS 0x0000000081300000| PB 0x0000000081300000| Untracked 
|  20|0x0000000081400000, 0x0000000081400000, 0x0000000081500000|  0%| F|  |TAMS 0x0000000081400000| PB 0x0000000081400000| Untracked 
|  21|0x0000000081500000, 0x0000000081600000, 0x0000000081600000|100%| O|  |TAMS 0x0000000081500000| PB 0x0000000081500000| Untracked 
|  22|0x0000000081600000, 0x0000000081700000, 0x0000000081700000|100%| O|  |TAMS 0x0000000081600000| PB 0x0000000081600000| Untracked 
|  23|0x0000000081700000, 0x0000000081800000, 0x0000000081800000|100%| O|  |TAMS 0x0000000081700000| PB 0x0000000081700000| Untracked 
|  24|0x0000000081800000, 0x0000000081900000, 0x0000000081900000|100%| O|  |TAMS 0x0000000081800000| PB 0x0000000081800000| Untracked 
|  25|0x0000000081900000, 0x0000000081a00000, 0x0000000081a00000|100%| O|  |TAMS 0x0000000081900000| PB 0x0000000081900000| Untracked 
|  26|0x0000000081a00000, 0x0000000081b00000, 0x0000000081b00000|100%| O|  |TAMS 0x0000000081a00000| PB 0x0000000081a00000| Untracked 
|  27|0x0000000081b00000, 0x0000000081c00000, 0x0000000081c00000|100%| O|  |TAMS 0x0000000081b00000| PB 0x0000000081b00000| Untracked 
|  28|0x0000000081c00000, 0x0000000081d00000, 0x0000000081d00000|100%| O|  |TAMS 0x0000000081c00000| PB 0x0000000081c00000| Untracked 
|  29|0x0000000081d00000, 0x0000000081dfda40, 0x0000000081e00000| 99%| O|  |TAMS 0x0000000081d00000| PB 0x0000000081d00000| Untracked 
|  30|0x0000000081e00000, 0x0000000081e00000, 0x0000000081f00000|  0%| F|  |TAMS 0x0000000081e00000| PB 0x0000000081e00000| Untracked 
|  31|0x0000000081f00000, 0x0000000081f00000, 0x0000000082000000|  0%| F|  |TAMS 0x0000000081f00000| PB 0x0000000081f00000| Untracked 
|  32|0x0000000082000000, 0x0000000082000000, 0x0000000082100000|  0%| F|  |TAMS 0x0000000082000000| PB 0x0000000082000000| Untracked 
|  33|0x0000000082100000, 0x0000000082100000, 0x0000000082200000|  0%| F|  |TAMS 0x0000000082100000| PB 0x0000000082100000| Untracked 
|  34|0x0000000082200000, 0x000000008224a268, 0x0000000082300000| 28%| S|CS|TAMS 0x0000000082200000| PB 0x0000000082200000| Complete 
|  35|0x0000000082300000, 0x0000000082400000, 0x0000000082400000|100%| S|CS|TAMS 0x0000000082300000| PB 0x0000000082300000| Complete 
|  36|0x0000000082400000, 0x0000000082500000, 0x0000000082500000|100%| S|CS|TAMS 0x0000000082400000| PB 0x0000000082400000| Complete 
|  37|0x0000000082500000, 0x0000000082600000, 0x0000000082600000|100%| S|CS|TAMS 0x0000000082500000| PB 0x0000000082500000| Complete 
|  38|0x0000000082600000, 0x0000000082700000, 0x0000000082700000|100%| S|CS|TAMS 0x0000000082600000| PB 0x0000000082600000| Complete 
|  39|0x0000000082700000, 0x0000000082700000, 0x0000000082800000|  0%| F|  |TAMS 0x0000000082700000| PB 0x0000000082700000| Untracked 
|  40|0x0000000082800000, 0x0000000082800000, 0x0000000082900000|  0%| F|  |TAMS 0x0000000082800000| PB 0x0000000082800000| Untracked 
|  41|0x0000000082900000, 0x0000000082900000, 0x0000000082a00000|  0%| F|  |TAMS 0x0000000082900000| PB 0x0000000082900000| Untracked 
|  42|0x0000000082a00000, 0x0000000082a00000, 0x0000000082b00000|  0%| F|  |TAMS 0x0000000082a00000| PB 0x0000000082a00000| Untracked 
|  43|0x0000000082b00000, 0x0000000082c00000, 0x0000000082c00000|100%| S|CS|TAMS 0x0000000082b00000| PB 0x0000000082b00000| Complete 
|  44|0x0000000082c00000, 0x0000000082c00000, 0x0000000082d00000|  0%| F|  |TAMS 0x0000000082c00000| PB 0x0000000082c00000| Untracked 
|  45|0x0000000082d00000, 0x0000000082d00000, 0x0000000082e00000|  0%| F|  |TAMS 0x0000000082d00000| PB 0x0000000082d00000| Untracked 
|  46|0x0000000082e00000, 0x0000000082e00000, 0x0000000082f00000|  0%| F|  |TAMS 0x0000000082e00000| PB 0x0000000082e00000| Untracked 
|  47|0x0000000082f00000, 0x0000000082f00000, 0x0000000083000000|  0%| F|  |TAMS 0x0000000082f00000| PB 0x0000000082f00000| Untracked 
|  48|0x0000000083000000, 0x0000000083000000, 0x0000000083100000|  0%| F|  |TAMS 0x0000000083000000| PB 0x0000000083000000| Untracked 
|  49|0x0000000083100000, 0x0000000083100000, 0x0000000083200000|  0%| F|  |TAMS 0x0000000083100000| PB 0x0000000083100000| Untracked 
|  50|0x0000000083200000, 0x0000000083200000, 0x0000000083300000|  0%| F|  |TAMS 0x0000000083200000| PB 0x0000000083200000| Untracked 
|  51|0x0000000083300000, 0x0000000083300000, 0x0000000083400000|  0%| F|  |TAMS 0x0000000083300000| PB 0x0000000083300000| Untracked 
|  52|0x0000000083400000, 0x0000000083400000, 0x0000000083500000|  0%| F|  |TAMS 0x0000000083400000| PB 0x0000000083400000| Untracked 
|  53|0x0000000083500000, 0x0000000083500000, 0x0000000083600000|  0%| F|  |TAMS 0x0000000083500000| PB 0x0000000083500000| Untracked 
|  54|0x0000000083600000, 0x0000000083600000, 0x0000000083700000|  0%| F|  |TAMS 0x0000000083600000| PB 0x0000000083600000| Untracked 
|  55|0x0000000083700000, 0x0000000083700000, 0x0000000083800000|  0%| F|  |TAMS 0x0000000083700000| PB 0x0000000083700000| Untracked 
|  56|0x0000000083800000, 0x0000000083800000, 0x0000000083900000|  0%| F|  |TAMS 0x0000000083800000| PB 0x0000000083800000| Untracked 
|  57|0x0000000083900000, 0x0000000083900000, 0x0000000083a00000|  0%| F|  |TAMS 0x0000000083900000| PB 0x0000000083900000| Untracked 
|  58|0x0000000083a00000, 0x0000000083a00000, 0x0000000083b00000|  0%| F|  |TAMS 0x0000000083a00000| PB 0x0000000083a00000| Untracked 
|  59|0x0000000083b00000, 0x0000000083b00000, 0x0000000083c00000|  0%| F|  |TAMS 0x0000000083b00000| PB 0x0000000083b00000| Untracked 
|  60|0x0000000083c00000, 0x0000000083c00000, 0x0000000083d00000|  0%| F|  |TAMS 0x0000000083c00000| PB 0x0000000083c00000| Untracked 
|  61|0x0000000083d00000, 0x0000000083d00000, 0x0000000083e00000|  0%| F|  |TAMS 0x0000000083d00000| PB 0x0000000083d00000| Untracked 
|  62|0x0000000083e00000, 0x0000000083e00000, 0x0000000083f00000|  0%| F|  |TAMS 0x0000000083e00000| PB 0x0000000083e00000| Untracked 
|  63|0x0000000083f00000, 0x0000000083f00000, 0x0000000084000000|  0%| F|  |TAMS 0x0000000083f00000| PB 0x0000000083f00000| Untracked 
|  64|0x0000000084000000, 0x0000000084000000, 0x0000000084100000|  0%| F|  |TAMS 0x0000000084000000| PB 0x0000000084000000| Untracked 
|  65|0x0000000084100000, 0x0000000084100000, 0x0000000084200000|  0%| F|  |TAMS 0x0000000084100000| PB 0x0000000084100000| Untracked 
|  66|0x0000000084200000, 0x0000000084200000, 0x0000000084300000|  0%| F|  |TAMS 0x0000000084200000| PB 0x0000000084200000| Untracked 
|  67|0x0000000084300000, 0x0000000084300000, 0x0000000084400000|  0%| F|  |TAMS 0x0000000084300000| PB 0x0000000084300000| Untracked 
|  68|0x0000000084400000, 0x0000000084400000, 0x0000000084500000|  0%| F|  |TAMS 0x0000000084400000| PB 0x0000000084400000| Untracked 
|  69|0x0000000084500000, 0x0000000084500000, 0x0000000084600000|  0%| F|  |TAMS 0x0000000084500000| PB 0x0000000084500000| Untracked 
|  70|0x0000000084600000, 0x0000000084600000, 0x0000000084700000|  0%| F|  |TAMS 0x0000000084600000| PB 0x0000000084600000| Untracked 
|  71|0x0000000084700000, 0x0000000084700000, 0x0000000084800000|  0%| F|  |TAMS 0x0000000084700000| PB 0x0000000084700000| Untracked 
|  72|0x0000000084800000, 0x0000000084800000, 0x0000000084900000|  0%| F|  |TAMS 0x0000000084800000| PB 0x0000000084800000| Untracked 
|  73|0x0000000084900000, 0x0000000084900000, 0x0000000084a00000|  0%| F|  |TAMS 0x0000000084900000| PB 0x0000000084900000| Untracked 
|  74|0x0000000084a00000, 0x0000000084a00000, 0x0000000084b00000|  0%| F|  |TAMS 0x0000000084a00000| PB 0x0000000084a00000| Untracked 
|  75|0x0000000084b00000, 0x0000000084b00000, 0x0000000084c00000|  0%| F|  |TAMS 0x0000000084b00000| PB 0x0000000084b00000| Untracked 
| 212|0x000000008d400000, 0x000000008d400000, 0x000000008d500000|  0%| F|  |TAMS 0x000000008d400000| PB 0x000000008d400000| Untracked 
| 213|0x000000008d500000, 0x000000008d500000, 0x000000008d600000|  0%| F|  |TAMS 0x000000008d500000| PB 0x000000008d500000| Untracked 
| 214|0x000000008d600000, 0x000000008d600000, 0x000000008d700000|  0%| F|  |TAMS 0x000000008d600000| PB 0x000000008d600000| Untracked 
| 215|0x000000008d700000, 0x000000008d700000, 0x000000008d800000|  0%| F|  |TAMS 0x000000008d700000| PB 0x000000008d700000| Untracked 
| 216|0x000000008d800000, 0x000000008d800000, 0x000000008d900000|  0%| F|  |TAMS 0x000000008d800000| PB 0x000000008d800000| Untracked 
| 217|0x000000008d900000, 0x000000008d900000, 0x000000008da00000|  0%| F|  |TAMS 0x000000008d900000| PB 0x000000008d900000| Untracked 
| 218|0x000000008da00000, 0x000000008da00000, 0x000000008db00000|  0%| F|  |TAMS 0x000000008da00000| PB 0x000000008da00000| Untracked 
| 219|0x000000008db00000, 0x000000008db80000, 0x000000008dc00000| 50%| E|  |TAMS 0x000000008db00000| PB 0x000000008db00000| Complete 
| 220|0x000000008dc00000, 0x000000008dd00000, 0x000000008dd00000|100%| E|CS|TAMS 0x000000008dc00000| PB 0x000000008dc00000| Complete 
| 221|0x000000008dd00000, 0x000000008de00000, 0x000000008de00000|100%| E|CS|TAMS 0x000000008dd00000| PB 0x000000008dd00000| Complete 
| 247|0x000000008f700000, 0x000000008f800000, 0x000000008f800000|100%| E|CS|TAMS 0x000000008f700000| PB 0x000000008f700000| Complete 

Card table byte_map: [0x0000028d73f20000,0x0000028d74320000] _byte_map_base: 0x0000028d73b20000

Marking Bits: (CMBitMap*) 0x0000028d614b3ef0
 Bits: [0x0000028d74320000, 0x0000028d76320000)

Polling page: 0x0000028d60b50000

Metaspace:

Usage:
  Non-class:     43.11 MB used.
      Class:      6.81 MB used.
       Both:     49.93 MB used.

Virtual space:
  Non-class space:       64.00 MB reserved,      43.81 MB ( 68%) committed,  1 nodes.
      Class space:        1.00 GB reserved,       7.56 MB ( <1%) committed,  1 nodes.
             Both:        1.06 GB reserved,      51.38 MB (  5%) committed. 

Chunk freelists:
   Non-Class:  3.50 MB
       Class:  8.29 MB
        Both:  11.79 MB

MaxMetaspaceSize: unlimited
CompressedClassSpaceSize: 1.00 GB
Initial GC threshold: 21.00 MB
Current GC threshold: 59.00 MB
CDS: off
 - commit_granule_bytes: 65536.
 - commit_granule_words: 8192.
 - virtual_space_node_default_size: 8388608.
 - enlarge_chunks_in_place: 1.
 - use_allocation_guard: 0.


Internal statistics:

num_allocs_failed_limit: 6.
num_arena_births: 2726.
num_arena_deaths: 0.
num_vsnodes_births: 2.
num_vsnodes_deaths: 0.
num_space_committed: 822.
num_space_uncommitted: 0.
num_chunks_returned_to_freelist: 6.
num_chunks_taken_from_freelist: 4728.
num_chunk_merges: 6.
num_chunk_splits: 3040.
num_chunks_enlarged: 1841.
num_inconsistent_stats: 0.

CodeHeap 'non-profiled nmethods': size=120000Kb used=2499Kb max_used=2499Kb free=117500Kb
 bounds [0x0000028d6c080000, 0x0000028d6c300000, 0x0000028d735b0000]
CodeHeap 'profiled nmethods': size=120000Kb used=8217Kb max_used=8217Kb free=111782Kb
 bounds [0x0000028d645b0000, 0x0000028d64dc0000, 0x0000028d6bae0000]
CodeHeap 'non-nmethods': size=5760Kb used=1906Kb max_used=1957Kb free=3853Kb
 bounds [0x0000028d6bae0000, 0x0000028d6bd50000, 0x0000028d6c080000]
 total_blobs=4985 nmethods=4290 adapters=598
 compilation: enabled
              stopped_count=0, restarted_count=0
 full_count=0

Compilation events (20 events):
Event: 7.221 Thread 0x0000028d79135750 4677       3       org.gradle.cache.internal.DefaultCrossBuildInMemoryCacheFactory$AbstractCrossBuildInMemoryCache::getIfPresentWithoutLock (43 bytes)
Event: 7.222 Thread 0x0000028d79135750 nmethod 4677 0x0000028d64dafa10 code [0x0000028d64dafc00, 0x0000028d64db0030]
Event: 7.222 Thread 0x0000028d79135750 4678       3       org.gradle.cache.internal.DefaultCrossBuildInMemoryCacheFactory$DefaultClassMap::getCacheScope (34 bytes)
Event: 7.223 Thread 0x0000028d79135750 nmethod 4678 0x0000028d64db0190 code [0x0000028d64db03a0, 0x0000028d64db0bb0]
Event: 7.241 Thread 0x0000028d79135750 4679       3       org.gradle.internal.instantiation.generator.AsmBackedClassGenerator$ClassBuilderImpl::access$4200 (4 bytes)
Event: 7.241 Thread 0x0000028d79135750 nmethod 4679 0x0000028d64db0e10 code [0x0000028d64db0fa0, 0x0000028d64db1098]
Event: 7.242 Thread 0x0000028d79135750 4680       3       org.gradle.model.internal.asm.ClassVisitorScope$$Lambda/0x00000001002cea70::emit (17 bytes)
Event: 7.242 Thread 0x0000028d79135750 nmethod 4680 0x0000028d64db1110 code [0x0000028d64db12c0, 0x0000028d64db1418]
Event: 7.242 Thread 0x0000028d79135750 4681       3       org.gradle.model.internal.asm.ClassVisitorScope::lambda$addGetter$0 (13 bytes)
Event: 7.242 Thread 0x0000028d79135750 nmethod 4681 0x0000028d64db1510 code [0x0000028d64db16c0, 0x0000028d64db1868]
Event: 7.242 Thread 0x0000028d79135750 4682       3       org.gradle.model.internal.asm.ClassVisitorScope$1::<init> (38 bytes)
Event: 7.242 Thread 0x0000028d79135750 nmethod 4682 0x0000028d64db1910 code [0x0000028d64db1b20, 0x0000028d64db2200]
Event: 7.267 Thread 0x0000028d79135750 4684       3       sun.reflect.generics.reflectiveObjects.ParameterizedTypeImpl::validateConstructorArguments (82 bytes)
Event: 7.269 Thread 0x0000028d79135750 nmethod 4684 0x0000028d64db2410 code [0x0000028d64db27a0, 0x0000028d64db40c8]
Event: 7.270 Thread 0x0000028d79135750 4686       3       com.google.common.collect.AbstractMapBasedMultimap::get (31 bytes)
Event: 7.271 Thread 0x0000028d79135750 nmethod 4686 0x0000028d64db4910 code [0x0000028d64db4b00, 0x0000028d64db4f98]
Event: 7.271 Thread 0x0000028d79135750 4687       3       com.google.common.collect.AbstractMapBasedMultimap$WrappedCollection::<init> (44 bytes)
Event: 7.271 Thread 0x0000028d79135750 nmethod 4687 0x0000028d64db5090 code [0x0000028d64db5260, 0x0000028d64db56d0]
Event: 7.281 Thread 0x0000028d79135750 4688       3       java.lang.invoke.DelegatingMethodHandle::rebind (8 bytes)
Event: 7.281 Thread 0x0000028d79135750 nmethod 4688 0x0000028d64db5810 code [0x0000028d64db59e0, 0x0000028d64db5c60]

GC Heap History (20 events):
Event: 0.611 GC heap before
{Heap before GC invocations=0 (full 0):
 garbage-first heap   total 253952K, used 22528K [0x0000000080000000, 0x0000000100000000)
  region size 1024K, 23 young (23552K), 0 survivors (0K)
 Metaspace       used 7994K, committed 8128K, reserved 1114112K
  class space    used 709K, committed 768K, reserved 1048576K
}
Event: 0.615 GC heap after
{Heap after GC invocations=1 (full 0):
 garbage-first heap   total 253952K, used 4775K [0x0000000080000000, 0x0000000100000000)
  region size 1024K, 3 young (3072K), 3 survivors (3072K)
 Metaspace       used 7994K, committed 8128K, reserved 1114112K
  class space    used 709K, committed 768K, reserved 1048576K
}
Event: 1.263 GC heap before
{Heap before GC invocations=1 (full 0):
 garbage-first heap   total 253952K, used 40615K [0x0000000080000000, 0x0000000100000000)
  region size 1024K, 35 young (35840K), 3 survivors (3072K)
 Metaspace       used 12150K, committed 12352K, reserved 1114112K
  class space    used 1277K, committed 1408K, reserved 1048576K
}
Event: 1.268 GC heap after
{Heap after GC invocations=2 (full 0):
 garbage-first heap   total 253952K, used 11819K [0x0000000080000000, 0x0000000100000000)
  region size 1024K, 3 young (3072K), 3 survivors (3072K)
 Metaspace       used 12150K, committed 12352K, reserved 1114112K
  class space    used 1277K, committed 1408K, reserved 1048576K
}
Event: 1.795 GC heap before
{Heap before GC invocations=2 (full 0):
 garbage-first heap   total 253952K, used 58923K [0x0000000080000000, 0x0000000100000000)
  region size 1024K, 47 young (48128K), 3 survivors (3072K)
 Metaspace       used 14016K, committed 14208K, reserved 1114112K
  class space    used 1535K, committed 1600K, reserved 1048576K
}
Event: 1.801 GC heap after
{Heap after GC invocations=3 (full 0):
 garbage-first heap   total 253952K, used 17749K [0x0000000080000000, 0x0000000100000000)
  region size 1024K, 6 young (6144K), 6 survivors (6144K)
 Metaspace       used 14016K, committed 14208K, reserved 1114112K
  class space    used 1535K, committed 1600K, reserved 1048576K
}
Event: 2.449 GC heap before
{Heap before GC invocations=3 (full 0):
 garbage-first heap   total 253952K, used 43349K [0x0000000080000000, 0x0000000100000000)
  region size 1024K, 32 young (32768K), 6 survivors (6144K)
 Metaspace       used 21199K, committed 21504K, reserved 1114112K
  class space    used 2439K, committed 2624K, reserved 1048576K
}
Event: 2.453 GC heap after
{Heap after GC invocations=4 (full 0):
 garbage-first heap   total 253952K, used 21385K [0x0000000080000000, 0x0000000100000000)
  region size 1024K, 10 young (10240K), 10 survivors (10240K)
 Metaspace       used 21199K, committed 21504K, reserved 1114112K
  class space    used 2439K, committed 2624K, reserved 1048576K
}
Event: 4.153 GC heap before
{Heap before GC invocations=5 (full 0):
 garbage-first heap   total 75776K, used 73609K [0x0000000080000000, 0x0000000100000000)
  region size 1024K, 62 young (63488K), 10 survivors (10240K)
 Metaspace       used 29638K, committed 30272K, reserved 1114112K
  class space    used 3786K, committed 4096K, reserved 1048576K
}
Event: 4.161 GC heap after
{Heap after GC invocations=6 (full 0):
 garbage-first heap   total 89088K, used 24775K [0x0000000080000000, 0x0000000100000000)
  region size 1024K, 13 young (13312K), 13 survivors (13312K)
 Metaspace       used 29638K, committed 30272K, reserved 1114112K
  class space    used 3786K, committed 4096K, reserved 1048576K
}
Event: 4.880 GC heap before
{Heap before GC invocations=6 (full 0):
 garbage-first heap   total 89088K, used 63687K [0x0000000080000000, 0x0000000100000000)
  region size 1024K, 52 young (53248K), 13 survivors (13312K)
 Metaspace       used 35019K, committed 35904K, reserved 1114112K
  class space    used 4683K, committed 5120K, reserved 1048576K
}
Event: 4.887 GC heap after
{Heap after GC invocations=7 (full 0):
 garbage-first heap   total 89088K, used 26564K [0x0000000080000000, 0x0000000100000000)
  region size 1024K, 6 young (6144K), 6 survivors (6144K)
 Metaspace       used 35019K, committed 35904K, reserved 1114112K
  class space    used 4683K, committed 5120K, reserved 1048576K
}
Event: 4.923 GC heap before
{Heap before GC invocations=7 (full 0):
 garbage-first heap   total 89088K, used 28612K [0x0000000080000000, 0x0000000100000000)
  region size 1024K, 9 young (9216K), 6 survivors (6144K)
 Metaspace       used 35266K, committed 36160K, reserved 1114112K
  class space    used 4729K, committed 5184K, reserved 1048576K
}
Event: 4.927 GC heap after
{Heap after GC invocations=8 (full 0):
 garbage-first heap   total 89088K, used 26594K [0x0000000080000000, 0x0000000100000000)
  region size 1024K, 3 young (3072K), 3 survivors (3072K)
 Metaspace       used 35266K, committed 36160K, reserved 1114112K
  class space    used 4729K, committed 5184K, reserved 1048576K
}
Event: 5.710 GC heap before
{Heap before GC invocations=9 (full 0):
 garbage-first heap   total 89088K, used 73698K [0x0000000080000000, 0x0000000100000000)
  region size 1024K, 50 young (51200K), 3 survivors (3072K)
 Metaspace       used 43619K, committed 44800K, reserved 1114112K
  class space    used 5843K, committed 6400K, reserved 1048576K
}
Event: 5.714 GC heap after
{Heap after GC invocations=10 (full 0):
 garbage-first heap   total 89088K, used 30311K [0x0000000080000000, 0x0000000100000000)
  region size 1024K, 7 young (7168K), 7 survivors (7168K)
 Metaspace       used 43619K, committed 44800K, reserved 1114112K
  class space    used 5843K, committed 6400K, reserved 1048576K
}
Event: 6.087 GC heap before
{Heap before GC invocations=10 (full 0):
 garbage-first heap   total 89088K, used 74343K [0x0000000080000000, 0x0000000100000000)
  region size 1024K, 51 young (52224K), 7 survivors (7168K)
 Metaspace       used 46520K, committed 47808K, reserved 1114112K
  class space    used 6218K, committed 6848K, reserved 1048576K
}
Event: 6.093 GC heap after
{Heap after GC invocations=11 (full 0):
 garbage-first heap   total 89088K, used 33230K [0x0000000080000000, 0x0000000100000000)
  region size 1024K, 4 young (4096K), 4 survivors (4096K)
 Metaspace       used 46520K, committed 47808K, reserved 1114112K
  class space    used 6218K, committed 6848K, reserved 1048576K
}
Event: 7.200 GC heap before
{Heap before GC invocations=11 (full 0):
 garbage-first heap   total 89088K, used 77262K [0x0000000080000000, 0x0000000100000000)
  region size 1024K, 47 young (48128K), 4 survivors (4096K)
 Metaspace       used 50779K, committed 52288K, reserved 1114112K
  class space    used 6914K, committed 7680K, reserved 1048576K
}
Event: 7.205 GC heap after
{Heap after GC invocations=12 (full 0):
 garbage-first heap   total 89088K, used 35103K [0x0000000080000000, 0x0000000100000000)
  region size 1024K, 6 young (6144K), 6 survivors (6144K)
 Metaspace       used 50779K, committed 52288K, reserved 1114112K
  class space    used 6914K, committed 7680K, reserved 1048576K
}

Dll operation events (3 events):
Event: 0.012 Loaded shared library D:\uit\hkvi\NT118\Setup\Android Studio\jbr\bin\java.dll
Event: 0.020 Loaded shared library D:\uit\hkvi\NT118\Setup\Android Studio\jbr\bin\zip.dll
Event: 0.654 Loaded shared library D:\uit\hkvi\NT118\Setup\Android Studio\jbr\bin\verify.dll

Deoptimization events (20 events):
Event: 6.926 Thread 0x0000028d7f2cb8d0 Uncommon trap: trap_request=0xffffffde fr.pc=0x0000028d6c2da4bc relative=0x0000000000003e3c
Event: 6.926 Thread 0x0000028d7f2cb8d0 Uncommon trap: reason=class_check action=maybe_recompile pc=0x0000028d6c2da4bc method=jdk.internal.loader.URLClassPath.getResource(Ljava/lang/String;Z)Ljdk/internal/loader/Resource; @ 53 c2
Event: 6.926 Thread 0x0000028d7f2cb8d0 DEOPT PACKING pc=0x0000028d6c2da4bc sp=0x000000ca87ef9220
Event: 6.926 Thread 0x0000028d7f2cb8d0 DEOPT UNPACKING pc=0x0000028d6bb346a2 sp=0x000000ca87ef9198 mode 2
Event: 6.996 Thread 0x0000028d7f2cb8d0 Uncommon trap: trap_request=0xffffffde fr.pc=0x0000028d6c130f48 relative=0x0000000000000c88
Event: 6.996 Thread 0x0000028d7f2cb8d0 Uncommon trap: reason=class_check action=maybe_recompile pc=0x0000028d6c130f48 method=jdk.internal.loader.URLClassPath.getLoader(I)Ljdk/internal/loader/URLClassPath$Loader; @ 190 c2
Event: 6.996 Thread 0x0000028d7f2cb8d0 DEOPT PACKING pc=0x0000028d6c130f48 sp=0x000000ca87ef9050
Event: 6.996 Thread 0x0000028d7f2cb8d0 DEOPT UNPACKING pc=0x0000028d6bb346a2 sp=0x000000ca87ef9020 mode 2
Event: 6.996 Thread 0x0000028d7f2cb8d0 Uncommon trap: trap_request=0xffffffde fr.pc=0x0000028d6c2da4bc relative=0x0000000000003e3c
Event: 6.996 Thread 0x0000028d7f2cb8d0 Uncommon trap: reason=class_check action=maybe_recompile pc=0x0000028d6c2da4bc method=jdk.internal.loader.URLClassPath.getResource(Ljava/lang/String;Z)Ljdk/internal/loader/Resource; @ 53 c2
Event: 6.996 Thread 0x0000028d7f2cb8d0 DEOPT PACKING pc=0x0000028d6c2da4bc sp=0x000000ca87ef90f0
Event: 6.996 Thread 0x0000028d7f2cb8d0 DEOPT UNPACKING pc=0x0000028d6bb346a2 sp=0x000000ca87ef9068 mode 2
Event: 7.026 Thread 0x0000028d7f2cb8d0 Uncommon trap: trap_request=0xffffffde fr.pc=0x0000028d6c2b2a20 relative=0x0000000000000200
Event: 7.026 Thread 0x0000028d7f2cb8d0 Uncommon trap: reason=class_check action=maybe_recompile pc=0x0000028d6c2b2a20 method=jdk.internal.loader.URLClassPath.getResource(Ljava/lang/String;Z)Ljdk/internal/loader/Resource; @ 53 c2
Event: 7.026 Thread 0x0000028d7f2cb8d0 DEOPT PACKING pc=0x0000028d6c2b2a20 sp=0x000000ca87ef8ed0
Event: 7.026 Thread 0x0000028d7f2cb8d0 DEOPT UNPACKING pc=0x0000028d6bb346a2 sp=0x000000ca87ef8e60 mode 2
Event: 7.106 Thread 0x0000028d7f2cb8d0 DEOPT PACKING pc=0x0000028d64da177a sp=0x000000ca87ef8650
Event: 7.106 Thread 0x0000028d7f2cb8d0 DEOPT UNPACKING pc=0x0000028d6bb34e42 sp=0x000000ca87ef7ad8 mode 0
Event: 7.291 Thread 0x0000028d7f2cb8d0 DEOPT PACKING pc=0x0000028d64da177a sp=0x000000ca87ef85b0
Event: 7.291 Thread 0x0000028d7f2cb8d0 DEOPT UNPACKING pc=0x0000028d6bb34e42 sp=0x000000ca87ef7a38 mode 0

Classes loaded (20 events):
Event: 6.214 Loading class java/nio/charset/CharacterCodingException
Event: 6.215 Loading class java/nio/charset/CharacterCodingException done
Event: 6.355 Loading class java/util/stream/Streams$RangeIntSpliterator
Event: 6.356 Loading class java/util/stream/Streams$RangeIntSpliterator done
Event: 6.389 Loading class jdk/internal/loader/URLClassPath$FileLoader
Event: 6.389 Loading class jdk/internal/loader/URLClassPath$FileLoader done
Event: 6.392 Loading class jdk/internal/loader/URLClassPath$FileLoader$1
Event: 6.392 Loading class jdk/internal/loader/URLClassPath$FileLoader$1 done
Event: 6.827 Loading class java/util/PrimitiveIterator$OfInt
Event: 6.827 Loading class java/util/PrimitiveIterator
Event: 6.827 Loading class java/util/PrimitiveIterator done
Event: 6.827 Loading class java/util/PrimitiveIterator$OfInt done
Event: 6.832 Loading class java/util/concurrent/RecursiveAction
Event: 6.832 Loading class java/util/concurrent/RecursiveAction done
Event: 6.912 Loading class java/util/concurrent/atomic/AtomicReferenceFieldUpdater
Event: 6.912 Loading class java/util/concurrent/atomic/AtomicReferenceFieldUpdater done
Event: 6.913 Loading class java/util/concurrent/atomic/AtomicReferenceFieldUpdater$AtomicReferenceFieldUpdaterImpl
Event: 6.914 Loading class java/util/concurrent/atomic/AtomicReferenceFieldUpdater$AtomicReferenceFieldUpdaterImpl done
Event: 6.914 Loading class java/util/concurrent/atomic/AtomicReferenceFieldUpdater$AtomicReferenceFieldUpdaterImpl$1
Event: 6.914 Loading class java/util/concurrent/atomic/AtomicReferenceFieldUpdater$AtomicReferenceFieldUpdaterImpl$1 done

Classes unloaded (0 events):
No events

Classes redefined (0 events):
No events

Internal exceptions (20 events):
Event: 6.469 Thread 0x0000028d7f2cb8d0 Exception <a 'java/lang/NoSuchMethodError'{0x00000000841568c0}: 'java.lang.Object java.lang.invoke.DelegatingMethodHandle$Holder.reinvoke_L(java.lang.Object, java.lang.Object, java.lang.Object, java.lang.Object, java.lang.Object, java.lang.Object, java.lang.Object, java.lang.Object, java.lang.Object, java.lang.Object, java.lang.Object, java.lang.Object, java.lang.Object)'> (0x00000000841568c0) 
thrown [s\src\hotspot\share\interpreter\linkResolver.cpp, line 784]
Event: 6.550 Thread 0x0000028d7f2cb8d0 Exception <a 'java/lang/NoSuchMethodError'{0x0000000083e76258}: 'java.lang.Object java.lang.invoke.DirectMethodHandle$Holder.newInvokeSpecial(java.lang.Object, java.lang.Object, java.lang.Object, java.lang.Object, int)'> (0x0000000083e76258) 
thrown [s\src\hotspot\share\interpreter\linkResolver.cpp, line 784]
Event: 6.550 Thread 0x0000028d7f2cb8d0 Exception <a 'java/lang/NoSuchMethodError'{0x0000000083e7b250}: 'java.lang.Object java.lang.invoke.DirectMethodHandle$Holder.invokeSpecial(java.lang.Object, java.lang.Object, java.lang.Object, java.lang.Object, java.lang.Object, int)'> (0x0000000083e7b250) 
thrown [s\src\hotspot\share\interpreter\linkResolver.cpp, line 784]
Event: 6.550 Thread 0x0000028d7f2cb8d0 Exception <a 'java/lang/NoSuchMethodError'{0x0000000083e7f9d0}: 'java.lang.Object java.lang.invoke.Invokers$Holder.linkToTargetMethod(java.lang.Object, java.lang.Object, java.lang.Object, int, java.lang.Object)'> (0x0000000083e7f9d0) 
thrown [s\src\hotspot\share\interpreter\linkResolver.cpp, line 784]
Event: 6.615 Thread 0x0000028d7f2cb8d0 Exception <a 'java/lang/NoSuchMethodError'{0x0000000083cda090}: 'int java.lang.invoke.DirectMethodHandle$Holder.invokeInterface(java.lang.Object, java.lang.Object, java.lang.Object, java.lang.Object)'> (0x0000000083cda090) 
thrown [s\src\hotspot\share\interpreter\linkResolver.cpp, line 784]
Event: 6.691 Thread 0x0000028d7f2cb8d0 Exception <a 'java/lang/NoSuchMethodError'{0x0000000083930e60}: 'java.lang.Object java.lang.invoke.DirectMethodHandle$Holder.invokeStatic(java.lang.Object, long, java.lang.Object)'> (0x0000000083930e60) 
thrown [s\src\hotspot\share\interpreter\linkResolver.cpp, line 784]
Event: 6.693 Thread 0x0000028d7f2cb8d0 Exception <a 'java/lang/NoSuchMethodError'{0x0000000083938058}: 'java.lang.Object java.lang.invoke.DirectMethodHandle$Holder.newInvokeSpecial(java.lang.Object, long)'> (0x0000000083938058) 
thrown [s\src\hotspot\share\interpreter\linkResolver.cpp, line 784]
Event: 6.702 Thread 0x0000028d7f2cb8d0 Exception <a 'java/lang/NoSuchMethodError'{0x0000000083993518}: 'java.lang.Object java.lang.invoke.DirectMethodHandle$Holder.newInvokeSpecial(java.lang.Object, java.lang.Object, java.lang.Object, java.lang.Object, java.lang.Object, long)'> (0x0000000083993518) 
thrown [s\src\hotspot\share\interpreter\linkResolver.cpp, line 784]
Event: 6.702 Thread 0x0000028d7f2cb8d0 Exception <a 'java/lang/NoSuchMethodError'{0x00000000839983a8}: 'java.lang.Object java.lang.invoke.DirectMethodHandle$Holder.invokeSpecial(java.lang.Object, java.lang.Object, java.lang.Object, java.lang.Object, java.lang.Object, java.lang.Object, long)'> (0x00000000839983a8) 
thrown [s\src\hotspot\share\interpreter\linkResolver.cpp, line 784]
Event: 6.703 Thread 0x0000028d7f2cb8d0 Exception <a 'java/lang/NoSuchMethodError'{0x000000008399c988}: 'java.lang.Object java.lang.invoke.Invokers$Holder.linkToTargetMethod(java.lang.Object, java.lang.Object, java.lang.Object, java.lang.Object, long, java.lang.Object)'> (0x000000008399c988) 
thrown [s\src\hotspot\share\interpreter\linkResolver.cpp, line 784]
Event: 6.709 Thread 0x0000028d7f2cb8d0 Exception <a 'java/lang/NoSuchMethodError'{0x00000000839e4b58}: 'java.lang.Object java.lang.invoke.DirectMethodHandle$Holder.newInvokeSpecial(java.lang.Object, java.lang.Object, java.lang.Object, long)'> (0x00000000839e4b58) 
thrown [s\src\hotspot\share\interpreter\linkResolver.cpp, line 784]
Event: 6.709 Thread 0x0000028d7f2cb8d0 Exception <a 'java/lang/NoSuchMethodError'{0x00000000839e9668}: 'java.lang.Object java.lang.invoke.DirectMethodHandle$Holder.invokeSpecial(java.lang.Object, java.lang.Object, java.lang.Object, java.lang.Object, long)'> (0x00000000839e9668) 
thrown [s\src\hotspot\share\interpreter\linkResolver.cpp, line 784]
Event: 6.710 Thread 0x0000028d7f2cb8d0 Exception <a 'java/lang/NoSuchMethodError'{0x00000000839ed828}: 'java.lang.Object java.lang.invoke.Invokers$Holder.linkToTargetMethod(java.lang.Object, java.lang.Object, long, java.lang.Object)'> (0x00000000839ed828) 
thrown [s\src\hotspot\share\interpreter\linkResolver.cpp, line 784]
Event: 6.763 Thread 0x0000028d7f2cb8d0 Exception <a 'java/lang/NoSuchMethodError'{0x0000000083618d40}: 'java.lang.Object java.lang.invoke.DirectMethodHandle$Holder.newInvokeSpecial(java.lang.Object, java.lang.Object, java.lang.Object, java.lang.Object, java.lang.Object, java.lang.Object, java.lang.Object, java.lang.Object, java.lang.Object, java.lang.Object, java.lang.Object, java.lang.Object, java.lang.Object, java.lang.Object, java.lang.Object, java.lang.Object, java.lang.Object, java.lang.Object, java.lang.Object, java.lang.Object, java.lang
Event: 6.818 Thread 0x0000028d7f2cb8d0 Implicit null exception at 0x0000028d6c13bcfc to 0x0000028d6c13bdac
Event: 7.119 Thread 0x0000028d7f2cb8d0 Exception <a 'java/lang/NoSuchMethodError'{0x0000000082d910e0}: 'java.lang.Object java.lang.invoke.DirectMethodHandle$Holder.newInvokeSpecial(java.lang.Object, java.lang.Object, java.lang.Object, java.lang.Object, java.lang.Object, java.lang.Object, java.lang.Object, java.lang.Object, java.lang.Object, java.lang.Object, java.lang.Object, java.lang.Object, java.lang.Object, java.lang.Object, java.lang.Object, java.lang.Object, java.lang.Object, java.lang.Object, java.lang.Object)'> (0x0000000082d910e0) 
thr
Event: 7.121 Thread 0x0000028d7f2cb8d0 Exception <a 'java/lang/NoSuchMethodError'{0x0000000082d97ab0}: 'java.lang.Object java.lang.invoke.DirectMethodHandle$Holder.invokeSpecial(java.lang.Object, java.lang.Object, java.lang.Object, java.lang.Object, java.lang.Object, java.lang.Object, java.lang.Object, java.lang.Object, java.lang.Object, java.lang.Object, java.lang.Object, java.lang.Object, java.lang.Object, java.lang.Object, java.lang.Object, java.lang.Object, java.lang.Object, java.lang.Object, java.lang.Object, java.lang.Object)'> (0x0000000
Event: 7.122 Thread 0x0000028d7f2cb8d0 Exception <a 'java/lang/NoSuchMethodError'{0x0000000082d9d300}: 'java.lang.Object java.lang.invoke.DelegatingMethodHandle$Holder.reinvoke_L(java.lang.Object, java.lang.Object, java.lang.Object, java.lang.Object, java.lang.Object, java.lang.Object, java.lang.Object, java.lang.Object, java.lang.Object, java.lang.Object, java.lang.Object, java.lang.Object, java.lang.Object, java.lang.Object, java.lang.Object, java.lang.Object, java.lang.Object, java.lang.Object, java.lang.Object)'> (0x0000000082d9d300) 
throw
Event: 7.187 Thread 0x0000028d7f2cb8d0 Exception <a 'java/lang/IncompatibleClassChangeError'{0x0000000082c87020}: Found class java.lang.Object, but interface was expected> (0x0000000082c87020) 
thrown [s\src\hotspot\share\interpreter\linkResolver.cpp, line 851]
Event: 7.193 Thread 0x0000028d7f2cb8d0 Exception <a 'java/lang/NoSuchMethodError'{0x0000000082c9cff0}: 'java.lang.Object java.lang.invoke.DirectMethodHandle$Holder.invokeVirtual(java.lang.Object, java.lang.Object, java.lang.Object, java.lang.Object, java.lang.Object, java.lang.Object, java.lang.Object, java.lang.Object, java.lang.Object, java.lang.Object, java.lang.Object, java.lang.Object, java.lang.Object)'> (0x0000000082c9cff0) 
thrown [s\src\hotspot\share\interpreter\linkResolver.cpp, line 784]

ZGC Phase Switch (0 events):
No events

VM Operations (20 events):
Event: 5.804 Executing VM operation: HandshakeAllThreads (Deoptimize)
Event: 5.804 Executing VM operation: HandshakeAllThreads (Deoptimize) done
Event: 5.859 Executing VM operation: HandshakeAllThreads (Deoptimize)
Event: 5.859 Executing VM operation: HandshakeAllThreads (Deoptimize) done
Event: 5.938 Executing VM operation: ICBufferFull
Event: 5.938 Executing VM operation: ICBufferFull done
Event: 6.087 Executing VM operation: G1CollectForAllocation (G1 Evacuation Pause)
Event: 6.093 Executing VM operation: G1CollectForAllocation (G1 Evacuation Pause) done
Event: 6.158 Executing VM operation: HandshakeAllThreads (Deoptimize)
Event: 6.158 Executing VM operation: HandshakeAllThreads (Deoptimize) done
Event: 6.203 Executing VM operation: HandshakeAllThreads (Deoptimize)
Event: 6.203 Executing VM operation: HandshakeAllThreads (Deoptimize) done
Event: 6.537 Executing VM operation: HandshakeAllThreads (Deoptimize)
Event: 6.537 Executing VM operation: HandshakeAllThreads (Deoptimize) done
Event: 6.613 Executing VM operation: HandshakeAllThreads (Deoptimize)
Event: 6.613 Executing VM operation: HandshakeAllThreads (Deoptimize) done
Event: 6.911 Executing VM operation: ICBufferFull
Event: 6.911 Executing VM operation: ICBufferFull done
Event: 7.199 Executing VM operation: G1CollectForAllocation (G1 Evacuation Pause)
Event: 7.205 Executing VM operation: G1CollectForAllocation (G1 Evacuation Pause) done

Memory protections (0 events):
No events

Nmethod flushes (20 events):
Event: 4.936 Thread 0x0000028d7906d8d0 flushing  nmethod 0x0000028d645b0b10
Event: 4.936 Thread 0x0000028d7906d8d0 flushing  nmethod 0x0000028d645b1110
Event: 4.936 Thread 0x0000028d7906d8d0 flushing  nmethod 0x0000028d645e0c90
Event: 4.936 Thread 0x0000028d7906d8d0 flushing  nmethod 0x0000028d645e1010
Event: 4.936 Thread 0x0000028d7906d8d0 flushing  nmethod 0x0000028d645e1990
Event: 4.936 Thread 0x0000028d7906d8d0 flushing  nmethod 0x0000028d645e1e90
Event: 4.936 Thread 0x0000028d7906d8d0 flushing  nmethod 0x0000028d645e2390
Event: 4.936 Thread 0x0000028d7906d8d0 flushing  nmethod 0x0000028d645e2b10
Event: 4.936 Thread 0x0000028d7906d8d0 flushing  nmethod 0x0000028d64657710
Event: 4.936 Thread 0x0000028d7906d8d0 flushing  nmethod 0x0000028d64657a90
Event: 4.936 Thread 0x0000028d7906d8d0 flushing  nmethod 0x0000028d6465db10
Event: 4.936 Thread 0x0000028d7906d8d0 flushing  nmethod 0x0000028d646eb590
Event: 4.936 Thread 0x0000028d7906d8d0 flushing  nmethod 0x0000028d646ec910
Event: 4.936 Thread 0x0000028d7906d8d0 flushing  nmethod 0x0000028d646eda90
Event: 4.936 Thread 0x0000028d7906d8d0 flushing  nmethod 0x0000028d646eea10
Event: 4.936 Thread 0x0000028d7906d8d0 flushing  nmethod 0x0000028d64745d10
Event: 4.936 Thread 0x0000028d7906d8d0 flushing  nmethod 0x0000028d64746690
Event: 4.936 Thread 0x0000028d7906d8d0 flushing  nmethod 0x0000028d648c6790
Event: 4.936 Thread 0x0000028d7906d8d0 flushing  nmethod 0x0000028d649a0610
Event: 4.936 Thread 0x0000028d7906d8d0 flushing  nmethod 0x0000028d649a4c10

Events (20 events):
Event: 3.155 Thread 0x0000028d7f2cb8d0 Thread added: 0x0000028d7f929320
Event: 3.192 Thread 0x0000028d7f2cb8d0 Thread added: 0x0000028d7f92ba80
Event: 3.308 Thread 0x0000028d7f2cb8d0 Thread added: 0x0000028d7f9299b0
Event: 3.534 Thread 0x0000028d79135750 Thread added: 0x0000028d7fb93ce0
Event: 3.560 Thread 0x0000028d79135750 Thread added: 0x0000028d7fecc0b0
Event: 4.451 Thread 0x0000028d7f2cb8d0 Thread added: 0x0000028d7f92b3f0
Event: 4.472 Thread 0x0000028d7f2cb8d0 Thread added: 0x0000028d7f92a040
Event: 4.684 Thread 0x0000028d7f2cb8d0 Thread added: 0x0000028d7f928600
Event: 4.691 Thread 0x0000028d7f2cb8d0 Thread added: 0x0000028d7f928c90
Event: 4.747 Thread 0x0000028d7fecc0b0 Thread exited: 0x0000028d7fecc0b0
Event: 5.013 Thread 0x0000028d7f2cb8d0 Thread added: 0x0000028d7f92a6d0
Event: 5.045 Thread 0x0000028d7f2cb8d0 Thread added: 0x0000028d7f92ad60
Event: 5.209 Thread 0x0000028d7f2cb8d0 Thread added: 0x0000028d01d6c780
Event: 5.361 Thread 0x0000028d7f2cb8d0 Thread added: 0x0000028d01d69990
Event: 5.585 Thread 0x0000028d79135750 Thread added: 0x0000028d7fc3f570
Event: 5.795 Thread 0x0000028d7fc3f570 Thread exited: 0x0000028d7fc3f570
Event: 5.883 Thread 0x0000028d79135750 Thread added: 0x0000028d02cb4190
Event: 6.677 Thread 0x0000028d02cb4190 Thread exited: 0x0000028d02cb4190
Event: 6.981 Thread 0x0000028d7fb93ce0 Thread exited: 0x0000028d7fb93ce0
Event: 7.113 Thread 0x0000028d79135750 Thread added: 0x0000028d02452230


Dynamic libraries:
0x00007ff7f4220000 - 0x00007ff7f422a000 	D:\uit\hkvi\NT118\Setup\Android Studio\jbr\bin\java.exe
0x00007ff803f40000 - 0x00007ff8041a0000 	C:\WINDOWS\SYSTEM32\ntdll.dll
0x00007ff803170000 - 0x00007ff803237000 	C:\WINDOWS\System32\KERNEL32.DLL
0x00007ff8013c0000 - 0x00007ff80178a000 	C:\WINDOWS\System32\KERNELBASE.dll
0x00007ff801270000 - 0x00007ff8013bb000 	C:\WINDOWS\System32\ucrtbase.dll
0x00007ffffc130000 - 0x00007ffffc14b000 	D:\uit\hkvi\NT118\Setup\Android Studio\jbr\bin\VCRUNTIME140.dll
0x00007fffe8280000 - 0x00007fffe8298000 	D:\uit\hkvi\NT118\Setup\Android Studio\jbr\bin\jli.dll
0x00007ff802280000 - 0x00007ff80244c000 	C:\WINDOWS\System32\USER32.dll
0x00007fffeff50000 - 0x00007ffff01e9000 	C:\WINDOWS\WinSxS\amd64_microsoft.windows.common-controls_6595b64144ccf1df_6.0.26100.3575_none_3e0d5430e32ff727\COMCTL32.dll
0x00007ff801910000 - 0x00007ff801937000 	C:\WINDOWS\System32\win32u.dll
0x00007ff8021d0000 - 0x00007ff802279000 	C:\WINDOWS\System32\msvcrt.dll
0x00007ff803090000 - 0x00007ff8030ba000 	C:\WINDOWS\System32\GDI32.dll
0x00007ff801940000 - 0x00007ff801a71000 	C:\WINDOWS\System32\gdi32full.dll
0x00007ff8011c0000 - 0x00007ff801263000 	C:\WINDOWS\System32\msvcp_win.dll
0x00007ff802450000 - 0x00007ff80247f000 	C:\WINDOWS\System32\IMM32.DLL
0x00007ffffc120000 - 0x00007ffffc12c000 	D:\uit\hkvi\NT118\Setup\Android Studio\jbr\bin\vcruntime140_1.dll
0x00007fffb4f80000 - 0x00007fffb500d000 	D:\uit\hkvi\NT118\Setup\Android Studio\jbr\bin\msvcp140.dll
0x00007fffaf4d0000 - 0x00007fffb015a000 	D:\uit\hkvi\NT118\Setup\Android Studio\jbr\bin\server\jvm.dll
0x00007ff802690000 - 0x00007ff802742000 	C:\WINDOWS\System32\ADVAPI32.dll
0x00007ff8030c0000 - 0x00007ff803166000 	C:\WINDOWS\System32\sechost.dll
0x00007ff8024e0000 - 0x00007ff8025f6000 	C:\WINDOWS\System32\RPCRT4.dll
0x00007ff802610000 - 0x00007ff802684000 	C:\WINDOWS\System32\WS2_32.dll
0x00007ff800ef0000 - 0x00007ff800f4e000 	C:\WINDOWS\SYSTEM32\POWRPROF.dll
0x00007ffff9520000 - 0x00007ffff952b000 	C:\WINDOWS\SYSTEM32\VERSION.dll
0x00007ffff94e0000 - 0x00007ffff9516000 	C:\WINDOWS\SYSTEM32\WINMM.dll
0x00007ff800dc0000 - 0x00007ff800dd4000 	C:\WINDOWS\SYSTEM32\UMPDC.dll
0x00007ff800030000 - 0x00007ff80004a000 	C:\WINDOWS\SYSTEM32\kernel.appcore.dll
0x00007ffffc110000 - 0x00007ffffc11a000 	D:\uit\hkvi\NT118\Setup\Android Studio\jbr\bin\jimage.dll
0x00007ffff3a60000 - 0x00007ffff3ca1000 	C:\WINDOWS\SYSTEM32\DBGHELP.DLL
0x00007ff8036c0000 - 0x00007ff803a43000 	C:\WINDOWS\System32\combase.dll
0x00007ff803340000 - 0x00007ff803416000 	C:\WINDOWS\System32\OLEAUT32.dll
0x00007fffdd7d0000 - 0x00007fffdd809000 	C:\WINDOWS\SYSTEM32\dbgcore.DLL
0x00007ff801120000 - 0x00007ff8011b9000 	C:\WINDOWS\System32\bcryptPrimitives.dll
0x00007fffe25b0000 - 0x00007fffe25be000 	D:\uit\hkvi\NT118\Setup\Android Studio\jbr\bin\instrument.dll
0x00007ffffbfe0000 - 0x00007ffffc000000 	D:\uit\hkvi\NT118\Setup\Android Studio\jbr\bin\java.dll
0x00007ffffbfc0000 - 0x00007ffffbfd8000 	D:\uit\hkvi\NT118\Setup\Android Studio\jbr\bin\zip.dll
0x00007ff802960000 - 0x00007ff803089000 	C:\WINDOWS\System32\SHELL32.dll
0x00007ff801a80000 - 0x00007ff801be8000 	C:\WINDOWS\System32\wintypes.dll
0x00007ffffed90000 - 0x00007fffff5e3000 	C:\WINDOWS\SYSTEM32\windows.storage.dll
0x00007ff803a70000 - 0x00007ff803b5d000 	C:\WINDOWS\System32\SHCORE.dll
0x00007ff803420000 - 0x00007ff803485000 	C:\WINDOWS\System32\shlwapi.dll
0x00007ff801030000 - 0x00007ff80105f000 	C:\WINDOWS\SYSTEM32\profapi.dll
0x00007ffffc100000 - 0x00007ffffc110000 	D:\uit\hkvi\NT118\Setup\Android Studio\jbr\bin\net.dll
0x00007ffffa6a0000 - 0x00007ffffa7be000 	C:\WINDOWS\SYSTEM32\WINHTTP.dll
0x00007ff800450000 - 0x00007ff8004ba000 	C:\WINDOWS\system32\mswsock.dll
0x00007ffff6c40000 - 0x00007ffff6c56000 	D:\uit\hkvi\NT118\Setup\Android Studio\jbr\bin\nio.dll
0x00007fffefcc0000 - 0x00007fffefcd0000 	D:\uit\hkvi\NT118\Setup\Android Studio\jbr\bin\verify.dll
0x00007fffc7c60000 - 0x00007fffc7c87000 	C:\Users\Admin\.gradle\native\c067742578af261105cb4f569cf0c3c89f3d7b1fecec35dd04571415982c5e48\windows-amd64\native-platform.dll
0x00007fffac0e0000 - 0x00007fffac224000 	C:\Users\Admin\.gradle\native\100fb08df4bc3b14c8652ba06237920a3bd2aa13389f12d3474272988ae205f9\windows-amd64\native-platform-file-events.dll
0x00007ffffaf60000 - 0x00007ffffaf69000 	D:\uit\hkvi\NT118\Setup\Android Studio\jbr\bin\management.dll
0x00007ffff6c30000 - 0x00007ffff6c3b000 	D:\uit\hkvi\NT118\Setup\Android Studio\jbr\bin\management_ext.dll
0x00007ff803a50000 - 0x00007ff803a58000 	C:\WINDOWS\System32\PSAPI.DLL
0x00007ff8006f0000 - 0x00007ff80070c000 	C:\WINDOWS\SYSTEM32\CRYPTSP.dll
0x00007fffffe50000 - 0x00007fffffe8a000 	C:\WINDOWS\system32\rsaenh.dll
0x00007ff8004f0000 - 0x00007ff80051b000 	C:\WINDOWS\SYSTEM32\USERENV.dll
0x00007ff800930000 - 0x00007ff800956000 	C:\WINDOWS\SYSTEM32\bcrypt.dll
0x00007ff800710000 - 0x00007ff80071c000 	C:\WINDOWS\SYSTEM32\CRYPTBASE.dll
0x00007fffff980000 - 0x00007fffff9b3000 	C:\WINDOWS\SYSTEM32\IPHLPAPI.DLL
0x00007ff802600000 - 0x00007ff80260a000 	C:\WINDOWS\System32\NSI.dll
0x00007ffffbe00000 - 0x00007ffffbe09000 	D:\uit\hkvi\NT118\Setup\Android Studio\jbr\bin\extnet.dll
0x00007fffcdf80000 - 0x00007fffcdf88000 	C:\WINDOWS\system32\wshunix.dll

dbghelp: loaded successfully - version: 4.0.5 - missing functions: none
symbol engine: initialized successfully - sym options: 0x614 - pdb path: .;D:\uit\hkvi\NT118\Setup\Android Studio\jbr\bin;C:\WINDOWS\SYSTEM32;C:\WINDOWS\WinSxS\amd64_microsoft.windows.common-controls_6595b64144ccf1df_6.0.26100.3575_none_3e0d5430e32ff727;D:\uit\hkvi\NT118\Setup\Android Studio\jbr\bin\server;C:\Users\Admin\.gradle\native\c067742578af261105cb4f569cf0c3c89f3d7b1fecec35dd04571415982c5e48\windows-amd64;C:\Users\Admin\.gradle\native\100fb08df4bc3b14c8652ba06237920a3bd2aa13389f12d3474272988ae205f9\windows-amd64

VM Arguments:
jvm_args: --add-opens=java.base/java.util=ALL-UNNAMED --add-opens=java.base/java.lang=ALL-UNNAMED --add-opens=java.base/java.lang.invoke=ALL-UNNAMED --add-opens=java.prefs/java.util.prefs=ALL-UNNAMED --add-exports=jdk.compiler/com.sun.tools.javac.api=ALL-UNNAMED --add-exports=jdk.compiler/com.sun.tools.javac.util=ALL-UNNAMED --add-opens=java.base/java.nio.charset=ALL-UNNAMED --add-opens=java.base/java.net=ALL-UNNAMED --add-opens=java.base/java.util.concurrent.atomic=ALL-UNNAMED -Xmx2048m -Dfile.encoding=UTF-8 -Duser.country=US -Duser.language=en -Duser.variant -javaagent:C:\Users\Admin\.gradle\wrapper\dists\gradle-8.10.2-bin\a04bxjujx95o3nb99gddekhwo\gradle-8.10.2\lib\agents\gradle-instrumentation-agent-8.10.2.jar 
java_command: org.gradle.launcher.daemon.bootstrap.GradleDaemon 8.10.2
java_class_path (initial): C:\Users\Admin\.gradle\wrapper\dists\gradle-8.10.2-bin\a04bxjujx95o3nb99gddekhwo\gradle-8.10.2\lib\gradle-daemon-main-8.10.2.jar
Launcher Type: SUN_STANDARD

[Global flags]
     intx CICompilerCount                          = 4                                         {product} {ergonomic}
     uint ConcGCThreads                            = 3                                         {product} {ergonomic}
     uint G1ConcRefinementThreads                  = 10                                        {product} {ergonomic}
   size_t G1HeapRegionSize                         = 1048576                                   {product} {ergonomic}
    uintx GCDrainStackTargetSize                   = 64                                        {product} {ergonomic}
   size_t InitialHeapSize                          = 260046848                                 {product} {ergonomic}
   size_t MarkStackSize                            = 4194304                                   {product} {ergonomic}
   size_t MaxHeapSize                              = 2147483648                                {product} {command line}
   size_t MaxNewSize                               = 1287651328                                {product} {ergonomic}
   size_t MinHeapDeltaBytes                        = 1048576                                   {product} {ergonomic}
   size_t MinHeapSize                              = 8388608                                   {product} {ergonomic}
    uintx NonNMethodCodeHeapSize                   = 5839372                                {pd product} {ergonomic}
    uintx NonProfiledCodeHeapSize                  = 122909434                              {pd product} {ergonomic}
    uintx ProfiledCodeHeapSize                     = 122909434                              {pd product} {ergonomic}
    uintx ReservedCodeCacheSize                    = 251658240                              {pd product} {ergonomic}
     bool SegmentedCodeCache                       = true                                      {product} {ergonomic}
   size_t SoftMaxHeapSize                          = 2147483648                             {manageable} {ergonomic}
     bool UseCompressedOops                        = true                           {product lp64_product} {ergonomic}
     bool UseG1GC                                  = true                                      {product} {ergonomic}
     bool UseLargePagesIndividualAllocation        = false                                  {pd product} {ergonomic}

Logging:
Log output configuration:
 #0: stdout all=warning uptime,level,tags foldmultilines=false
 #1: stderr all=off uptime,level,tags foldmultilines=false

Environment Variables:
JAVA_HOME=C:\Program Files\Java\jdk-21
PATH=D:\uit\hkvi\IS211\Oracle_21c_WINDOWS.X64_db_home\bin;C:\Program Files\Common Files\Oracle\Java\javapath;C:\Program Files (x86)\NVIDIA Corporation\PhysX\Common;C:\WINDOWS\system32;C:\WINDOWS;C:\WINDOWS\System32\Wbem;C:\WINDOWS\System32\WindowsPowerShell\v1.0\;C:\WINDOWS\System32\OpenSSH\;C:\Program Files\Microsoft SQL Server\150\Tools\Binn\;C:\Program Files\Microsoft SQL Server\Client SDK\ODBC\170\Tools\Binn\;C:\Program Files\dotnet\;C:\Program Files\Microsoft SQL Server\130\DTS\Binn\;C:\Program Files\Microsoft SQL Server\140\DTS\Binn\;C:\Program Files\Microsoft SQL Server\150\DTS\Binn\;C:\Program Files\Microsoft SQL Server\160\DTS\Binn\;C:\Program Files (x86)\Microsoft SQL Server\160\DTS\Binn\;C:\Program Files (x86)\Microsoft SQL Server\160\Tools\Binn\;C:\Program Files\Microsoft SQL Server\160\Tools\Binn\;C:\Program Files\Git\cmd;C:\Program Files (x86)\Windows Kits\10\Windows Performance Toolkit\;C:\Program Files\Java\jdk-21\bin;C:\Program Files\Perforce\;D:\;C:\Program Files\Docker\Docker\resources\bin;C:\Users\Admin\AppData\Roaming\Python\Python313\Scripts;C:\Program Files\MySQL\MySQL Shell 8.0\bin\;C:\Users\Admin\AppData\Local\Microsoft\WindowsApps;C:\Users\Admin\AppData\Local\Programs\Microsoft VS Code\bin;C:\Users\Admin\.dotnet\tools;C:\Users\Admin\AppData\Roaming\npm
USERNAME=Admin
OS=Windows_NT
PROCESSOR_IDENTIFIER=AMD64 Family 23 Model 96 Stepping 1, AuthenticAMD
TMP=C:\Users\Admin\AppData\Local\Temp
TEMP=C:\Users\Admin\AppData\Local\Temp




Periodic native trim disabled

JNI global refs:
JNI global refs: 25, weak refs: 3

JNI global refs memory usage: 835, weak refs: 833

Process memory usage:
Resident Set Size: 260352K (1% of 16168652K total physical memory with 1138396K free physical memory)

OOME stack traces (most recent first):
Classloader memory used:
Loader org.gradle.internal.classloader.VisitableURLClassLoader                         : 23720K
Loader bootstrap                                                                       : 21535K
Loader org.gradle.initialization.MixInLegacyTypesClassLoader                           : 5146K
Loader jdk.internal.loader.ClassLoaders$PlatformClassLoader                            : 497K
Loader jdk.internal.loader.ClassLoaders$AppClassLoader                                 : 234K
Loader org.gradle.internal.classloader.VisitableURLClassLoader                         : 19136B

Classes loaded by more than one classloader:
Class org.gradle.internal.classloader.FilteringClassLoader                            : loaded 2 times (x 101B)
Class org.gradle.internal.classloader.ClassLoaderHierarchy                            : loaded 2 times (x 66B)
Class org.gradle.api.internal.classpath.ManifestUtil                                  : loaded 2 times (x 67B)
Class org.gradle.internal.classloader.DefaultClassLoaderFactory                       : loaded 2 times (x 78B)
Class org.gradle.internal.classloader.ClassLoaderVisitor                              : loaded 2 times (x 72B)
Class org.gradle.api.internal.classpath.EffectiveClassPath                            : loaded 2 times (x 86B)
Class org.gradle.api.internal.DefaultClassPathProvider                                : loaded 2 times (x 72B)
Class [Lorg.gradle.api.internal.ClassPathProvider;                                    : loaded 2 times (x 65B)
Class org.gradle.api.internal.ClassPathProvider                                       : loaded 2 times (x 66B)
Class org.gradle.internal.service.UnknownServiceException                             : loaded 2 times (x 79B)
Class org.gradle.internal.classpath.TransformedClassPath                              : loaded 2 times (x 92B)
Class org.gradle.internal.classloader.InstrumentingClassLoader                        : loaded 2 times (x 66B)
Class org.gradle.internal.service.ServiceLocator                                      : loaded 2 times (x 66B)
Class org.gradle.internal.InternalTransformer                                         : loaded 2 times (x 66B)
Class org.gradle.internal.classloader.ClasspathUtil$1                                 : loaded 2 times (x 72B)
Class org.gradle.api.internal.classpath.DefaultModuleRegistry$DefaultModule           : loaded 2 times (x 82B)
Class org.gradle.api.internal.classpath.Module                                        : loaded 2 times (x 66B)
Class org.gradle.api.internal.classpath.UnknownModuleException                        : loaded 2 times (x 78B)
Class org.gradle.api.internal.DefaultClassPathRegistry                                : loaded 2 times (x 72B)
Class org.gradle.api.internal.ClassPathRegistry                                       : loaded 2 times (x 66B)
Class org.gradle.internal.classpath.DefaultClassPath$ImmutableUniqueList              : loaded 2 times (x 195B)
Class org.gradle.internal.classpath.ClassPath                                         : loaded 2 times (x 66B)
Class org.gradle.api.UncheckedIOException                                             : loaded 2 times (x 78B)
Class org.gradle.internal.installation.GradleInstallation$1                           : loaded 2 times (x 71B)
Class org.gradle.api.internal.classpath.ModuleRegistry                                : loaded 2 times (x 66B)
Class org.gradle.api.internal.classpath.DefaultModuleRegistry                         : loaded 2 times (x 82B)
Class org.gradle.internal.service.ServiceLookupException                              : loaded 2 times (x 78B)
Class org.gradle.internal.classloader.ClassLoaderFactory                              : loaded 2 times (x 66B)
Class org.gradle.internal.service.CachingServiceLocator                               : loaded 2 times (x 78B)
Class org.gradle.internal.classloader.ClasspathUtil                                   : loaded 2 times (x 67B)
Class org.gradle.api.specs.Spec                                                       : loaded 2 times (x 66B)
Class org.gradle.internal.classloader.VisitableURLClassLoader$InstrumentingVisitableURLClassLoader: loaded 2 times (x 119B)
Class org.gradle.internal.classloader.VisitableURLClassLoader$Spec                    : loaded 2 times (x 70B)
Class org.gradle.internal.classpath.DefaultClassPath                                  : loaded 2 times (x 86B)
Class org.gradle.internal.classloader.ClassLoaderSpec                                 : loaded 2 times (x 67B)
Class org.gradle.internal.classloader.VisitableURLClassLoader                         : loaded 2 times (x 113B)
Class org.gradle.internal.Cast                                                        : loaded 2 times (x 67B)
Class org.gradle.api.Action                                                           : loaded 2 times (x 66B)
Class org.gradle.internal.classpath.DefaultClassPath$ImmutableUniqueList$Builder      : loaded 2 times (x 71B)
Class org.gradle.api.GradleException                                                  : loaded 2 times (x 78B)
Class org.gradle.internal.IoActions                                                   : loaded 2 times (x 67B)
Class org.gradle.internal.classloader.SystemClassLoaderSpec                           : loaded 2 times (x 67B)
Class org.gradle.api.internal.classpath.GlobalCacheRootsProvider                      : loaded 2 times (x 66B)
Class org.gradle.internal.installation.CurrentGradleInstallationLocator               : loaded 2 times (x 67B)
Class org.gradle.internal.service.DefaultServiceLocator                               : loaded 2 times (x 79B)
Class org.gradle.internal.installation.CurrentGradleInstallation                      : loaded 2 times (x 69B)
Class org.gradle.util.internal.GUtil                                                  : loaded 2 times (x 67B)
Class org.gradle.internal.installation.GradleInstallation                             : loaded 2 times (x 71B)

---------------  S Y S T E M  ---------------

OS:
 Windows 11 , 64 bit Build 26100 (10.0.26100.3575)
OS uptime: 0 days 1:40 hours
Hyper-V role detected

CPU: total 12 (initial active 12) (12 cores per cpu, 2 threads per core) family 23 model 96 stepping 1 microcode 0x8600106, cx8, cmov, fxsr, ht, mmx, 3dnowpref, sse, sse2, sse3, ssse3, sse4a, sse4.1, sse4.2, popcnt, lzcnt, tsc, tscinvbit, avx, avx2, aes, clmul, bmi1, bmi2, adx, sha, fma, vzeroupper, clflush, clflushopt, hv, rdtscp, rdpid, f16c
Processor Information for all 12 processors :
  Max Mhz: 3001, Current Mhz: 3001, Mhz Limit: 3001

Memory: 4k page, system-wide physical 15789M (1111M free)
TotalPageFile size 26973M (AvailPageFile size 6M)
current process WorkingSet (physical memory assigned to process): 254M, peak: 254M
current process commit charge ("private bytes"): 293M, peak: 381M

vm_info: OpenJDK 64-Bit Server VM (21.0.5+-13047016-b750.29) for windows-amd64 JRE (21.0.5+-13047016-b750.29), built on 2025-02-11T21:12:39Z by "builder" with MS VC++ 16.10 / 16.11 (VS2019)

END.
