#
# There is insufficient memory for the Java Runtime Environment to continue.
# Native memory allocation (malloc) failed to allocate 655696 bytes. Error detail: Chunk::new
# Possible reasons:
#   The system is out of physical RAM or swap space
#   This process is running with CompressedOops enabled, and the Java Heap may be blocking the growth of the native heap
# Possible solutions:
#   Reduce memory load on the system
#   Increase physical memory or swap space
#   Check if swap backing store is full
#   Decrease Java heap size (-Xmx/-Xms)
#   Decrease number of Java threads
#   Decrease Java thread stack sizes (-Xss)
#   Set larger code cache with -XX:ReservedCodeCacheSize=
#   JVM is running with Unscaled Compressed Oops mode in which the Java heap is
#     placed in the first 4GB address space. The Java Heap base address is the
#     maximum limit for the native heap growth. Please use -XX:HeapBaseMinAddress
#     to set the Java Heap base and to place the Java Heap above 4GB virtual address.
# This output file may be truncated or incomplete.
#
#  Out of Memory Error (arena.cpp:168), pid=24900, tid=10908
#
# JRE version: OpenJDK Runtime Environment (21.0.5) (build 21.0.5+-13047016-b750.29)
# Java VM: OpenJDK 64-Bit Server VM (21.0.5+-13047016-b750.29, mixed mode, tiered, compressed oops, compressed class ptrs, g1 gc, windows-amd64)
# No core dump will be written. Minidumps are not enabled by default on client versions of Windows
#

---------------  S U M M A R Y ------------

Command Line: --add-opens=java.base/java.util=ALL-UNNAMED --add-opens=java.base/java.lang=ALL-UNNAMED --add-opens=java.base/java.lang.invoke=ALL-UNNAMED --add-opens=java.prefs/java.util.prefs=ALL-UNNAMED --add-exports=jdk.compiler/com.sun.tools.javac.api=ALL-UNNAMED --add-exports=jdk.compiler/com.sun.tools.javac.util=ALL-UNNAMED --add-opens=java.base/java.nio.charset=ALL-UNNAMED --add-opens=java.base/java.net=ALL-UNNAMED --add-opens=java.base/java.util.concurrent.atomic=ALL-UNNAMED -Xmx2048m -Dfile.encoding=UTF-8 -Duser.country=US -Duser.language=en -Duser.variant -javaagent:C:\Users\Admin\.gradle\wrapper\dists\gradle-8.10.2-bin\a04bxjujx95o3nb99gddekhwo\gradle-8.10.2\lib\agents\gradle-instrumentation-agent-8.10.2.jar org.gradle.launcher.daemon.bootstrap.GradleDaemon 8.10.2

Host: AMD Ryzen 5 4600H with Radeon Graphics         , 12 cores, 15G,  Windows 11 , 64 bit Build 26100 (10.0.26100.3575)
Time: Mon May 19 08:49:11 2025 SE Asia Standard Time elapsed time: 5.894499 seconds (0d 0h 0m 5s)

---------------  T H R E A D  ---------------

Current thread (0x000001b0629a87e0):  JavaThread "C2 CompilerThread2" daemon [_thread_in_native, id=10908, stack(0x0000007e25900000,0x0000007e25a00000) (1024K)]


Current CompileTask:
C2:5894 4643       4       jdk.internal.loader.URLClassPath::getResource (74 bytes)

Stack: [0x0000007e25900000,0x0000007e25a00000]
Native frames: (J=compiled Java code, j=interpreted, Vv=VM code, C=native code)
V  [jvm.dll+0x6cfb29]
V  [jvm.dll+0x85df93]
V  [jvm.dll+0x8604ee]
V  [jvm.dll+0x860bd3]
V  [jvm.dll+0x27e6b6]
V  [jvm.dll+0xbff6d]
V  [jvm.dll+0xc04a3]
V  [jvm.dll+0x3b5fc1]
V  [jvm.dll+0x1de852]
V  [jvm.dll+0x247db4]
V  [jvm.dll+0x247231]
V  [jvm.dll+0x1c5ee4]
V  [jvm.dll+0x25697c]
V  [jvm.dll+0x254ec6]
V  [jvm.dll+0x3f0ce6]
V  [jvm.dll+0x806368]
V  [jvm.dll+0x6ce3fd]
C  [ucrtbase.dll+0x37b0]
C  [KERNEL32.DLL+0x2e8d7]
C  [ntdll.dll+0xb14fc]


---------------  P R O C E S S  ---------------

Threads class SMR info:
_java_thread_list=0x000001b067295e50, length=34, elements={
0x000001b048996350, 0x000001b062973410, 0x000001b0629749d0, 0x000001b06297fa50,
0x000001b062981010, 0x000001b0629926e0, 0x000001b062993130, 0x000001b0629975a0,
0x000001b0629a8110, 0x000001b062aff7e0, 0x000001b062c73000, 0x000001b0629a8eb0,
0x000001b068890a80, 0x000001b068b45aa0, 0x000001b068b71300, 0x000001b068c07680,
0x000001b068cd8980, 0x000001b068c29c00, 0x000001b068c2b3a0, 0x000001b068c2ba00,
0x000001b068ddb970, 0x000001b068dd9210, 0x000001b068ddc690, 0x000001b068ddb2e0,
0x000001b068ddc000, 0x000001b068dd98a0, 0x000001b068dda5c0, 0x000001b068dd9f30,
0x000001b068ddac50, 0x000001b06b63f9f0, 0x000001b06b63dfb0, 0x000001b06b63e640,
0x000001b06b63f360, 0x000001b0629a87e0
}

Java Threads: ( => current thread )
  0x000001b048996350 JavaThread "main"                              [_thread_blocked, id=14916, stack(0x0000007e22600000,0x0000007e22700000) (1024K)]
  0x000001b062973410 JavaThread "Reference Handler"          daemon [_thread_blocked, id=23344, stack(0x0000007e22e00000,0x0000007e22f00000) (1024K)]
  0x000001b0629749d0 JavaThread "Finalizer"                  daemon [_thread_blocked, id=18868, stack(0x0000007e22f00000,0x0000007e23000000) (1024K)]
  0x000001b06297fa50 JavaThread "Signal Dispatcher"          daemon [_thread_blocked, id=12548, stack(0x0000007e23000000,0x0000007e23100000) (1024K)]
  0x000001b062981010 JavaThread "Attach Listener"            daemon [_thread_blocked, id=24164, stack(0x0000007e23100000,0x0000007e23200000) (1024K)]
  0x000001b0629926e0 JavaThread "Service Thread"             daemon [_thread_blocked, id=5204, stack(0x0000007e23200000,0x0000007e23300000) (1024K)]
  0x000001b062993130 JavaThread "Monitor Deflation Thread"   daemon [_thread_blocked, id=24988, stack(0x0000007e23300000,0x0000007e23400000) (1024K)]
  0x000001b0629975a0 JavaThread "C2 CompilerThread0"         daemon [_thread_in_native, id=19592, stack(0x0000007e23400000,0x0000007e23500000) (1024K)]
  0x000001b0629a8110 JavaThread "C1 CompilerThread0"         daemon [_thread_blocked, id=19032, stack(0x0000007e23500000,0x0000007e23600000) (1024K)]
  0x000001b062aff7e0 JavaThread "Common-Cleaner"             daemon [_thread_blocked, id=18456, stack(0x0000007e23600000,0x0000007e23700000) (1024K)]
  0x000001b062c73000 JavaThread "Notification Thread"        daemon [_thread_blocked, id=23524, stack(0x0000007e23700000,0x0000007e23800000) (1024K)]
  0x000001b0629a8eb0 JavaThread "C2 CompilerThread1"         daemon [_thread_in_native, id=22548, stack(0x0000007e23800000,0x0000007e23900000) (1024K)]
  0x000001b068890a80 JavaThread "Daemon health stats"               [_thread_blocked, id=9116, stack(0x0000007e24000000,0x0000007e24100000) (1024K)]
  0x000001b068b45aa0 JavaThread "Incoming local TCP Connector on port 53458"        [_thread_in_native, id=24044, stack(0x0000007e24100000,0x0000007e24200000) (1024K)]
  0x000001b068b71300 JavaThread "Daemon periodic checks"            [_thread_blocked, id=6148, stack(0x0000007e24200000,0x0000007e24300000) (1024K)]
  0x000001b068c07680 JavaThread "Daemon"                            [_thread_blocked, id=2532, stack(0x0000007e24300000,0x0000007e24400000) (1024K)]
  0x000001b068cd8980 JavaThread "Handler for socket connection from /127.0.0.1:53458 to /127.0.0.1:53469"        [_thread_in_native, id=8872, stack(0x0000007e24400000,0x0000007e24500000) (1024K)]
  0x000001b068c29c00 JavaThread "Cancel handler"                    [_thread_blocked, id=8232, stack(0x0000007e24500000,0x0000007e24600000) (1024K)]
  0x000001b068c2b3a0 JavaThread "Daemon worker"                     [_thread_in_Java, id=26268, stack(0x0000007e24600000,0x0000007e24700000) (1024K)]
  0x000001b068c2ba00 JavaThread "Asynchronous log dispatcher for DefaultDaemonConnection: socket connection from /127.0.0.1:53458 to /127.0.0.1:53469"        [_thread_blocked, id=22836, stack(0x0000007e24700000,0x0000007e24800000) (1024K)]
  0x000001b068ddb970 JavaThread "Stdin handler"                     [_thread_blocked, id=26568, stack(0x0000007e24800000,0x0000007e24900000) (1024K)]
  0x000001b068dd9210 JavaThread "Daemon client event forwarder"        [_thread_blocked, id=228, stack(0x0000007e24900000,0x0000007e24a00000) (1024K)]
  0x000001b068ddc690 JavaThread "Cache worker for journal cache (C:\Users\Admin\.gradle\caches\journal-1)"        [_thread_blocked, id=19744, stack(0x0000007e24e00000,0x0000007e24f00000) (1024K)]
  0x000001b068ddb2e0 JavaThread "File lock request listener"        [_thread_in_native, id=1316, stack(0x0000007e24f00000,0x0000007e25000000) (1024K)]
  0x000001b068ddc000 JavaThread "Cache worker for file hash cache (C:\Users\Admin\.gradle\caches\8.10.2\fileHashes)"        [_thread_blocked, id=6276, stack(0x0000007e25000000,0x0000007e25100000) (1024K)]
  0x000001b068dd98a0 JavaThread "Cache worker for file hash cache (D:\uit\hkvi\NT118\Project\nutrition-tracker\.gradle\8.10.2\fileHashes)"        [_thread_blocked, id=25072, stack(0x0000007e25200000,0x0000007e25300000) (1024K)]
  0x000001b068dda5c0 JavaThread "Cache worker for Build Output Cleanup Cache (D:\uit\hkvi\NT118\Project\nutrition-tracker\.gradle\buildOutputCleanup)"        [_thread_blocked, id=23144, stack(0x0000007e25300000,0x0000007e25400000) (1024K)]
  0x000001b068dd9f30 JavaThread "File watcher server"        daemon [_thread_in_native, id=5844, stack(0x0000007e25400000,0x0000007e25500000) (1024K)]
  0x000001b068ddac50 JavaThread "File watcher consumer"      daemon [_thread_blocked, id=5888, stack(0x0000007e25500000,0x0000007e25600000) (1024K)]
  0x000001b06b63f9f0 JavaThread "Cache worker for checksums cache (D:\uit\hkvi\NT118\Project\nutrition-tracker\.gradle\8.10.2\checksums)"        [_thread_blocked, id=8328, stack(0x0000007e25100000,0x0000007e25200000) (1024K)]
  0x000001b06b63dfb0 JavaThread "Cache worker for file content cache (C:\Users\Admin\.gradle\caches\8.10.2\fileContent)"        [_thread_blocked, id=23808, stack(0x0000007e25600000,0x0000007e25700000) (1024K)]
  0x000001b06b63e640 JavaThread "Cache worker for cache directory md-rule (C:\Users\Admin\.gradle\caches\8.10.2\md-rule)"        [_thread_blocked, id=6896, stack(0x0000007e25700000,0x0000007e25800000) (1024K)]
  0x000001b06b63f360 JavaThread "Cache worker for cache directory md-supplier (C:\Users\Admin\.gradle\caches\8.10.2\md-supplier)"        [_thread_blocked, id=9136, stack(0x0000007e25800000,0x0000007e25900000) (1024K)]
=>0x000001b0629a87e0 JavaThread "C2 CompilerThread2"         daemon [_thread_in_native, id=10908, stack(0x0000007e25900000,0x0000007e25a00000) (1024K)]
Total: 34

Other Threads:
  0x000001b06287eae0 VMThread "VM Thread"                           [id=8048, stack(0x0000007e22d00000,0x0000007e22e00000) (1024K)]
  0x000001b062801bd0 WatcherThread "VM Periodic Task Thread"        [id=22004, stack(0x0000007e22c00000,0x0000007e22d00000) (1024K)]
  0x000001b04ad73310 WorkerThread "GC Thread#0"                     [id=25256, stack(0x0000007e22700000,0x0000007e22800000) (1024K)]
  0x000001b067896680 WorkerThread "GC Thread#1"                     [id=20884, stack(0x0000007e23a00000,0x0000007e23b00000) (1024K)]
  0x000001b067896a20 WorkerThread "GC Thread#2"                     [id=25148, stack(0x0000007e23b00000,0x0000007e23c00000) (1024K)]
  0x000001b0673692b0 WorkerThread "GC Thread#3"                     [id=25984, stack(0x0000007e23c00000,0x0000007e23d00000) (1024K)]
  0x000001b067369650 WorkerThread "GC Thread#4"                     [id=18652, stack(0x0000007e23d00000,0x0000007e23e00000) (1024K)]
  0x000001b068a7e6c0 WorkerThread "GC Thread#5"                     [id=25008, stack(0x0000007e23900000,0x0000007e23a00000) (1024K)]
  0x000001b068af3810 WorkerThread "GC Thread#6"                     [id=2956, stack(0x0000007e23e00000,0x0000007e23f00000) (1024K)]
  0x000001b068af3fc0 WorkerThread "GC Thread#7"                     [id=19768, stack(0x0000007e23f00000,0x0000007e24000000) (1024K)]
  0x000001b068e1ed70 WorkerThread "GC Thread#8"                     [id=25860, stack(0x0000007e24a00000,0x0000007e24b00000) (1024K)]
  0x000001b068e14c90 WorkerThread "GC Thread#9"                     [id=13996, stack(0x0000007e24b00000,0x0000007e24c00000) (1024K)]
  0x000001b04ad84200 ConcurrentGCThread "G1 Main Marker"            [id=5736, stack(0x0000007e22800000,0x0000007e22900000) (1024K)]
  0x000001b04ad86900 WorkerThread "G1 Conc#0"                       [id=26540, stack(0x0000007e22900000,0x0000007e22a00000) (1024K)]
  0x000001b068e183c0 WorkerThread "G1 Conc#1"                       [id=25684, stack(0x0000007e24c00000,0x0000007e24d00000) (1024K)]
  0x000001b068e46bd0 WorkerThread "G1 Conc#2"                       [id=13456, stack(0x0000007e24d00000,0x0000007e24e00000) (1024K)]
  0x000001b0627592e0 ConcurrentGCThread "G1 Refine#0"               [id=1828, stack(0x0000007e22a00000,0x0000007e22b00000) (1024K)]
  0x000001b062759b00 ConcurrentGCThread "G1 Service"                [id=22884, stack(0x0000007e22b00000,0x0000007e22c00000) (1024K)]
Total: 18

Threads with active compile tasks:
C2 CompilerThread0  5935 4657   !   4       java.net.URLClassLoader$1::run (81 bytes)
C2 CompilerThread1  5935 4656       4       java.net.URLClassLoader$1::run (5 bytes)
C2 CompilerThread2  5935 4643       4       jdk.internal.loader.URLClassPath::getResource (74 bytes)
Total: 3

VM state: not at safepoint (normal execution)

VM Mutex/Monitor currently owned by a thread: None

Heap address: 0x0000000080000000, size: 2048 MB, Compressed Oops mode: 32-bit

CDS archive(s) not mapped
Compressed class space mapped at: 0x0000000100000000-0x0000000140000000, reserved size: 1073741824
Narrow klass base: 0x0000000000000000, Narrow klass shift: 3, Narrow klass range: 0x140000000

GC Precious Log:
 CardTable entry size: 512
 Card Set container configuration: InlinePtr #cards 5 size 8 Array Of Cards #cards 12 size 40 Howl #buckets 4 coarsen threshold 1843 Howl Bitmap #cards 512 size 80 coarsen threshold 460 Card regions per heap region 1 cards per card region 2048
 CPUs: 12 total, 12 available
 Memory: 15789M
 Large Page Support: Disabled
 NUMA Support: Disabled
 Compressed Oops: Enabled (32-bit)
 Heap Region Size: 1M
 Heap Min Capacity: 8M
 Heap Initial Capacity: 248M
 Heap Max Capacity: 2G
 Pre-touch: Disabled
 Parallel Workers: 10
 Concurrent Workers: 3
 Concurrent Refinement Workers: 10
 Periodic GC: Disabled

Heap:
 garbage-first heap   total 89088K, used 48776K [0x0000000080000000, 0x0000000100000000)
  region size 1024K, 16 young (16384K), 3 survivors (3072K)
 Metaspace       used 50912K, committed 52416K, reserved 1114112K
  class space    used 6929K, committed 7680K, reserved 1048576K

Heap Regions: E=young(eden), S=young(survivor), O=old, HS=humongous(starts), HC=humongous(continues), CS=collection set, F=free, TAMS=top-at-mark-start, PB=parsable bottom
|   0|0x0000000080000000, 0x0000000080100000, 0x0000000080100000|100%| O|  |TAMS 0x0000000080000000| PB 0x0000000080000000| Untracked 
|   1|0x0000000080100000, 0x0000000080200000, 0x0000000080200000|100%| O|  |TAMS 0x0000000080100000| PB 0x0000000080100000| Untracked 
|   2|0x0000000080200000, 0x0000000080300000, 0x0000000080300000|100%|HS|  |TAMS 0x0000000080200000| PB 0x0000000080200000| Complete 
|   3|0x0000000080300000, 0x0000000080400000, 0x0000000080400000|100%|HC|  |TAMS 0x0000000080300000| PB 0x0000000080300000| Complete 
|   4|0x0000000080400000, 0x0000000080500000, 0x0000000080500000|100%|HC|  |TAMS 0x0000000080400000| PB 0x0000000080400000| Complete 
|   5|0x0000000080500000, 0x0000000080600000, 0x0000000080600000|100%|HC|  |TAMS 0x0000000080500000| PB 0x0000000080500000| Complete 
|   6|0x0000000080600000, 0x0000000080700000, 0x0000000080700000|100%| O|  |TAMS 0x0000000080600000| PB 0x0000000080600000| Untracked 
|   7|0x0000000080700000, 0x0000000080800000, 0x0000000080800000|100%| O|  |TAMS 0x0000000080700000| PB 0x0000000080700000| Untracked 
|   8|0x0000000080800000, 0x0000000080900000, 0x0000000080900000|100%| O|  |TAMS 0x0000000080800000| PB 0x0000000080800000| Untracked 
|   9|0x0000000080900000, 0x0000000080a00000, 0x0000000080a00000|100%|HS|  |TAMS 0x0000000080900000| PB 0x0000000080900000| Complete 
|  10|0x0000000080a00000, 0x0000000080b00000, 0x0000000080b00000|100%| O|  |TAMS 0x0000000080a00000| PB 0x0000000080a00000| Untracked 
|  11|0x0000000080b00000, 0x0000000080c00000, 0x0000000080c00000|100%| O|  |TAMS 0x0000000080b00000| PB 0x0000000080b00000| Untracked 
|  12|0x0000000080c00000, 0x0000000080d00000, 0x0000000080d00000|100%| O|  |TAMS 0x0000000080c00000| PB 0x0000000080c00000| Untracked 
|  13|0x0000000080d00000, 0x0000000080e00000, 0x0000000080e00000|100%| O|  |TAMS 0x0000000080d00000| PB 0x0000000080d00000| Untracked 
|  14|0x0000000080e00000, 0x0000000080f00000, 0x0000000080f00000|100%| O|  |TAMS 0x0000000080e00000| PB 0x0000000080e00000| Untracked 
|  15|0x0000000080f00000, 0x0000000081000000, 0x0000000081000000|100%| O|  |TAMS 0x0000000080f00000| PB 0x0000000080f00000| Untracked 
|  16|0x0000000081000000, 0x0000000081100000, 0x0000000081100000|100%| O|  |TAMS 0x0000000081000000| PB 0x0000000081000000| Untracked 
|  17|0x0000000081100000, 0x0000000081200000, 0x0000000081200000|100%| O|  |TAMS 0x0000000081100000| PB 0x0000000081100000| Untracked 
|  18|0x0000000081200000, 0x0000000081300000, 0x0000000081300000|100%| O|  |TAMS 0x0000000081200000| PB 0x0000000081200000| Untracked 
|  19|0x0000000081300000, 0x0000000081400000, 0x0000000081400000|100%| O|  |TAMS 0x0000000081300000| PB 0x0000000081300000| Untracked 
|  20|0x0000000081400000, 0x0000000081500000, 0x0000000081500000|100%| O|  |TAMS 0x0000000081400000| PB 0x0000000081400000| Untracked 
|  21|0x0000000081500000, 0x0000000081600000, 0x0000000081600000|100%| O|  |TAMS 0x0000000081500000| PB 0x0000000081500000| Untracked 
|  22|0x0000000081600000, 0x0000000081700000, 0x0000000081700000|100%| O|  |TAMS 0x0000000081600000| PB 0x0000000081600000| Untracked 
|  23|0x0000000081700000, 0x0000000081800000, 0x0000000081800000|100%| O|  |TAMS 0x0000000081700000| PB 0x0000000081700000| Untracked 
|  24|0x0000000081800000, 0x0000000081900000, 0x0000000081900000|100%| O|  |TAMS 0x0000000081800000| PB 0x0000000081800000| Untracked 
|  25|0x0000000081900000, 0x0000000081a00000, 0x0000000081a00000|100%| O|  |TAMS 0x0000000081900000| PB 0x0000000081900000| Untracked 
|  26|0x0000000081a00000, 0x0000000081b00000, 0x0000000081b00000|100%| O|  |TAMS 0x0000000081a00000| PB 0x0000000081a00000| Untracked 
|  27|0x0000000081b00000, 0x0000000081c00000, 0x0000000081c00000|100%| O|  |TAMS 0x0000000081b00000| PB 0x0000000081b00000| Untracked 
|  28|0x0000000081c00000, 0x0000000081d00000, 0x0000000081d00000|100%| O|  |TAMS 0x0000000081c00000| PB 0x0000000081c00000| Untracked 
|  29|0x0000000081d00000, 0x0000000081d00000, 0x0000000081e00000|  0%| F|  |TAMS 0x0000000081d00000| PB 0x0000000081d00000| Untracked 
|  30|0x0000000081e00000, 0x0000000081e00000, 0x0000000081f00000|  0%| F|  |TAMS 0x0000000081e00000| PB 0x0000000081e00000| Untracked 
|  31|0x0000000081f00000, 0x0000000081f00000, 0x0000000082000000|  0%| F|  |TAMS 0x0000000081f00000| PB 0x0000000081f00000| Untracked 
|  32|0x0000000082000000, 0x0000000082100000, 0x0000000082100000|100%| O|  |TAMS 0x0000000082000000| PB 0x0000000082000000| Untracked 
|  33|0x0000000082100000, 0x0000000082200000, 0x0000000082200000|100%| O|  |TAMS 0x0000000082100000| PB 0x0000000082100000| Untracked 
|  34|0x0000000082200000, 0x0000000082300000, 0x0000000082300000|100%| O|  |TAMS 0x0000000082200000| PB 0x0000000082200000| Untracked 
|  35|0x0000000082300000, 0x0000000082300000, 0x0000000082400000|  0%| F|  |TAMS 0x0000000082300000| PB 0x0000000082300000| Untracked 
|  36|0x0000000082400000, 0x0000000082400000, 0x0000000082500000|  0%| F|  |TAMS 0x0000000082400000| PB 0x0000000082400000| Untracked 
|  37|0x0000000082500000, 0x0000000082500000, 0x0000000082600000|  0%| F|  |TAMS 0x0000000082500000| PB 0x0000000082500000| Untracked 
|  38|0x0000000082600000, 0x0000000082600000, 0x0000000082700000|  0%| F|  |TAMS 0x0000000082600000| PB 0x0000000082600000| Untracked 
|  39|0x0000000082700000, 0x00000000827a2180, 0x0000000082800000| 63%| O|  |TAMS 0x0000000082700000| PB 0x0000000082700000| Untracked 
|  40|0x0000000082800000, 0x0000000082800000, 0x0000000082900000|  0%| F|  |TAMS 0x0000000082800000| PB 0x0000000082800000| Untracked 
|  41|0x0000000082900000, 0x0000000082900000, 0x0000000082a00000|  0%| F|  |TAMS 0x0000000082900000| PB 0x0000000082900000| Untracked 
|  42|0x0000000082a00000, 0x0000000082b00000, 0x0000000082b00000|100%| S|CS|TAMS 0x0000000082a00000| PB 0x0000000082a00000| Complete 
|  43|0x0000000082b00000, 0x0000000082c00000, 0x0000000082c00000|100%| S|CS|TAMS 0x0000000082b00000| PB 0x0000000082b00000| Complete 
|  44|0x0000000082c00000, 0x0000000082d00000, 0x0000000082d00000|100%| S|CS|TAMS 0x0000000082c00000| PB 0x0000000082c00000| Complete 
|  45|0x0000000082d00000, 0x0000000082d00000, 0x0000000082e00000|  0%| F|  |TAMS 0x0000000082d00000| PB 0x0000000082d00000| Untracked 
|  46|0x0000000082e00000, 0x0000000082e00000, 0x0000000082f00000|  0%| F|  |TAMS 0x0000000082e00000| PB 0x0000000082e00000| Untracked 
|  47|0x0000000082f00000, 0x0000000082f00000, 0x0000000083000000|  0%| F|  |TAMS 0x0000000082f00000| PB 0x0000000082f00000| Untracked 
|  48|0x0000000083000000, 0x0000000083000000, 0x0000000083100000|  0%| F|  |TAMS 0x0000000083000000| PB 0x0000000083000000| Untracked 
|  49|0x0000000083100000, 0x0000000083100000, 0x0000000083200000|  0%| F|  |TAMS 0x0000000083100000| PB 0x0000000083100000| Untracked 
|  50|0x0000000083200000, 0x0000000083200000, 0x0000000083300000|  0%| F|  |TAMS 0x0000000083200000| PB 0x0000000083200000| Untracked 
|  51|0x0000000083300000, 0x0000000083300000, 0x0000000083400000|  0%| F|  |TAMS 0x0000000083300000| PB 0x0000000083300000| Untracked 
|  52|0x0000000083400000, 0x0000000083400000, 0x0000000083500000|  0%| F|  |TAMS 0x0000000083400000| PB 0x0000000083400000| Untracked 
|  53|0x0000000083500000, 0x0000000083500000, 0x0000000083600000|  0%| F|  |TAMS 0x0000000083500000| PB 0x0000000083500000| Untracked 
|  54|0x0000000083600000, 0x0000000083600000, 0x0000000083700000|  0%| F|  |TAMS 0x0000000083600000| PB 0x0000000083600000| Untracked 
|  55|0x0000000083700000, 0x0000000083700000, 0x0000000083800000|  0%| F|  |TAMS 0x0000000083700000| PB 0x0000000083700000| Untracked 
|  56|0x0000000083800000, 0x0000000083800000, 0x0000000083900000|  0%| F|  |TAMS 0x0000000083800000| PB 0x0000000083800000| Untracked 
|  57|0x0000000083900000, 0x0000000083900000, 0x0000000083a00000|  0%| F|  |TAMS 0x0000000083900000| PB 0x0000000083900000| Untracked 
|  58|0x0000000083a00000, 0x0000000083a00000, 0x0000000083b00000|  0%| F|  |TAMS 0x0000000083a00000| PB 0x0000000083a00000| Untracked 
|  59|0x0000000083b00000, 0x0000000083b00000, 0x0000000083c00000|  0%| F|  |TAMS 0x0000000083b00000| PB 0x0000000083b00000| Untracked 
|  60|0x0000000083c00000, 0x0000000083c00000, 0x0000000083d00000|  0%| F|  |TAMS 0x0000000083c00000| PB 0x0000000083c00000| Untracked 
|  61|0x0000000083d00000, 0x0000000083d00000, 0x0000000083e00000|  0%| F|  |TAMS 0x0000000083d00000| PB 0x0000000083d00000| Untracked 
|  62|0x0000000083e00000, 0x0000000083e00000, 0x0000000083f00000|  0%| F|  |TAMS 0x0000000083e00000| PB 0x0000000083e00000| Untracked 
|  63|0x0000000083f00000, 0x0000000083f00000, 0x0000000084000000|  0%| F|  |TAMS 0x0000000083f00000| PB 0x0000000083f00000| Untracked 
|  64|0x0000000084000000, 0x0000000084000000, 0x0000000084100000|  0%| F|  |TAMS 0x0000000084000000| PB 0x0000000084000000| Untracked 
|  65|0x0000000084100000, 0x0000000084100000, 0x0000000084200000|  0%| F|  |TAMS 0x0000000084100000| PB 0x0000000084100000| Untracked 
|  66|0x0000000084200000, 0x0000000084200000, 0x0000000084300000|  0%| F|  |TAMS 0x0000000084200000| PB 0x0000000084200000| Untracked 
|  67|0x0000000084300000, 0x0000000084300000, 0x0000000084400000|  0%| F|  |TAMS 0x0000000084300000| PB 0x0000000084300000| Untracked 
|  68|0x0000000084400000, 0x0000000084400000, 0x0000000084500000|  0%| F|  |TAMS 0x0000000084400000| PB 0x0000000084400000| Untracked 
|  69|0x0000000084500000, 0x0000000084500000, 0x0000000084600000|  0%| F|  |TAMS 0x0000000084500000| PB 0x0000000084500000| Untracked 
|  70|0x0000000084600000, 0x0000000084600000, 0x0000000084700000|  0%| F|  |TAMS 0x0000000084600000| PB 0x0000000084600000| Untracked 
|  71|0x0000000084700000, 0x0000000084700000, 0x0000000084800000|  0%| F|  |TAMS 0x0000000084700000| PB 0x0000000084700000| Untracked 
|  72|0x0000000084800000, 0x0000000084800000, 0x0000000084900000|  0%| F|  |TAMS 0x0000000084800000| PB 0x0000000084800000| Untracked 
|  73|0x0000000084900000, 0x0000000084900000, 0x0000000084a00000|  0%| F|  |TAMS 0x0000000084900000| PB 0x0000000084900000| Untracked 
|  74|0x0000000084a00000, 0x0000000084a80000, 0x0000000084b00000| 50%| E|  |TAMS 0x0000000084a00000| PB 0x0000000084a00000| Complete 
|  75|0x0000000084b00000, 0x0000000084c00000, 0x0000000084c00000|100%| E|CS|TAMS 0x0000000084b00000| PB 0x0000000084b00000| Complete 
|  76|0x0000000084c00000, 0x0000000084d00000, 0x0000000084d00000|100%| E|CS|TAMS 0x0000000084c00000| PB 0x0000000084c00000| Complete 
| 214|0x000000008d600000, 0x000000008d700000, 0x000000008d700000|100%| E|CS|TAMS 0x000000008d600000| PB 0x000000008d600000| Complete 
| 215|0x000000008d700000, 0x000000008d800000, 0x000000008d800000|100%| E|CS|TAMS 0x000000008d700000| PB 0x000000008d700000| Complete 
| 216|0x000000008d800000, 0x000000008d900000, 0x000000008d900000|100%| E|CS|TAMS 0x000000008d800000| PB 0x000000008d800000| Complete 
| 217|0x000000008d900000, 0x000000008da00000, 0x000000008da00000|100%| E|CS|TAMS 0x000000008d900000| PB 0x000000008d900000| Complete 
| 218|0x000000008da00000, 0x000000008db00000, 0x000000008db00000|100%| E|CS|TAMS 0x000000008da00000| PB 0x000000008da00000| Complete 
| 219|0x000000008db00000, 0x000000008dc00000, 0x000000008dc00000|100%| E|CS|TAMS 0x000000008db00000| PB 0x000000008db00000| Complete 
| 220|0x000000008dc00000, 0x000000008dd00000, 0x000000008dd00000|100%| E|CS|TAMS 0x000000008dc00000| PB 0x000000008dc00000| Complete 
| 221|0x000000008dd00000, 0x000000008de00000, 0x000000008de00000|100%| E|CS|TAMS 0x000000008dd00000| PB 0x000000008dd00000| Complete 
| 222|0x000000008de00000, 0x000000008df00000, 0x000000008df00000|100%| E|CS|TAMS 0x000000008de00000| PB 0x000000008de00000| Complete 
| 247|0x000000008f700000, 0x000000008f800000, 0x000000008f800000|100%| E|CS|TAMS 0x000000008f700000| PB 0x000000008f700000| Complete 

Card table byte_map: [0x000001b05d7e0000,0x000001b05dbe0000] _byte_map_base: 0x000001b05d3e0000

Marking Bits: (CMBitMap*) 0x000001b04ad73920
 Bits: [0x000001b05dbe0000, 0x000001b05fbe0000)

Polling page: 0x000001b048be0000

Metaspace:

Usage:
  Non-class:     42.97 MB used.
      Class:      6.77 MB used.
       Both:     49.74 MB used.

Virtual space:
  Non-class space:       64.00 MB reserved,      43.69 MB ( 68%) committed,  1 nodes.
      Class space:        1.00 GB reserved,       7.50 MB ( <1%) committed,  1 nodes.
             Both:        1.06 GB reserved,      51.19 MB (  5%) committed. 

Chunk freelists:
   Non-Class:  3.66 MB
       Class:  8.35 MB
        Both:  12.01 MB

MaxMetaspaceSize: unlimited
CompressedClassSpaceSize: 1.00 GB
Initial GC threshold: 21.00 MB
Current GC threshold: 58.88 MB
CDS: off
 - commit_granule_bytes: 65536.
 - commit_granule_words: 8192.
 - virtual_space_node_default_size: 8388608.
 - enlarge_chunks_in_place: 1.
 - use_allocation_guard: 0.


Internal statistics:

num_allocs_failed_limit: 6.
num_arena_births: 2646.
num_arena_deaths: 0.
num_vsnodes_births: 2.
num_vsnodes_deaths: 0.
num_space_committed: 819.
num_space_uncommitted: 0.
num_chunks_returned_to_freelist: 6.
num_chunks_taken_from_freelist: 4603.
num_chunk_merges: 6.
num_chunk_splits: 2959.
num_chunks_enlarged: 1835.
num_inconsistent_stats: 0.

CodeHeap 'non-profiled nmethods': size=120000Kb used=2494Kb max_used=2494Kb free=117505Kb
 bounds [0x000001b055940000, 0x000001b055bb0000, 0x000001b05ce70000]
CodeHeap 'profiled nmethods': size=120000Kb used=8196Kb max_used=8196Kb free=111804Kb
 bounds [0x000001b04de70000, 0x000001b04e680000, 0x000001b0553a0000]
CodeHeap 'non-nmethods': size=5760Kb used=1906Kb max_used=1942Kb free=3854Kb
 bounds [0x000001b0553a0000, 0x000001b055610000, 0x000001b055940000]
 total_blobs=4972 nmethods=4278 adapters=598
 compilation: enabled
              stopped_count=0, restarted_count=0
 full_count=0

Compilation events (20 events):
Event: 5.841 Thread 0x000001b0629a8110 4653       3       org.objectweb.asm.Type::getSort (19 bytes)
Event: 5.841 Thread 0x000001b0629a8110 nmethod 4653 0x000001b04e663a10 code [0x000001b04e663ba0, 0x000001b04e663cf0]
Event: 5.841 Thread 0x000001b0629a8110 4652       3       org.gradle.internal.instantiation.generator.AsmBackedClassGenerator$ClassBuilderImpl::applyConventionMappingToProperty (23 bytes)
Event: 5.841 Thread 0x000001b0629975a0 nmethod 4644 0x000001b055bad710 code [0x000001b055bad8c0, 0x000001b055badcf0]
Event: 5.842 Thread 0x000001b0629a8110 nmethod 4652 0x000001b04e663d90 code [0x000001b04e664000, 0x000001b04e664918]
Event: 5.845 Thread 0x000001b0629a8110 4655       3       com.google.common.collect.RegularImmutableSet::size (6 bytes)
Event: 5.845 Thread 0x000001b0629a8110 nmethod 4655 0x000001b04e664c90 code [0x000001b04e664e20, 0x000001b04e664f38]
Event: 5.848 Thread 0x000001b0629a8eb0 nmethod 4654 0x000001b055badf10 code [0x000001b055bae140, 0x000001b055bae968]
Event: 5.861 Thread 0x000001b0629a8eb0 4656       4       java.net.URLClassLoader$1::run (5 bytes)
Event: 5.861 Thread 0x000001b0629975a0 4657   !   4       java.net.URLClassLoader$1::run (81 bytes)
Event: 5.864 Thread 0x000001b0629a8110 4659       3       org.gradle.internal.reflect.JavaPropertyReflectionUtil::hasTypeVariable (267 bytes)
Event: 5.865 Thread 0x000001b0629a8110 nmethod 4659 0x000001b04e665010 code [0x000001b04e665440, 0x000001b04e667778]
Event: 5.865 Thread 0x000001b0629a8110 4662       3       org.gradle.internal.instantiation.generator.AbstractClassGenerator::isLazyAttachProperty (44 bytes)
Event: 5.867 Thread 0x000001b0629a8110 nmethod 4662 0x000001b04e667e10 code [0x000001b04e668180, 0x000001b04e669628]
Event: 5.867 Thread 0x000001b0629a8110 4664       3       com.google.common.collect.LinkedHashMultimap$ValueSet$1::hasNext (21 bytes)
Event: 5.867 Thread 0x000001b0629a8110 nmethod 4664 0x000001b04e669d90 code [0x000001b04e669f60, 0x000001b04e66a248]
Event: 5.867 Thread 0x000001b0629a8110 4663       3       org.gradle.model.internal.asm.MethodVisitorScope::_IFNULL (9 bytes)
Event: 5.867 Thread 0x000001b0629a8110 nmethod 4663 0x000001b04e66a390 code [0x000001b04e66a540, 0x000001b04e66a7a8]
Event: 5.868 Thread 0x000001b0629a8110 4665       3       sun.invoke.util.VerifyAccess::isModuleAccessible (97 bytes)
Event: 5.869 Thread 0x000001b0629a8110 nmethod 4665 0x000001b04e66a890 code [0x000001b04e66ab60, 0x000001b04e66b7b0]

GC Heap History (20 events):
Event: 0.491 GC heap before
{Heap before GC invocations=0 (full 0):
 garbage-first heap   total 253952K, used 22528K [0x0000000080000000, 0x0000000100000000)
  region size 1024K, 23 young (23552K), 0 survivors (0K)
 Metaspace       used 7999K, committed 8128K, reserved 1114112K
  class space    used 709K, committed 768K, reserved 1048576K
}
Event: 0.494 GC heap after
{Heap after GC invocations=1 (full 0):
 garbage-first heap   total 253952K, used 4997K [0x0000000080000000, 0x0000000100000000)
  region size 1024K, 3 young (3072K), 3 survivors (3072K)
 Metaspace       used 7999K, committed 8128K, reserved 1114112K
  class space    used 709K, committed 768K, reserved 1048576K
}
Event: 0.968 GC heap before
{Heap before GC invocations=1 (full 0):
 garbage-first heap   total 253952K, used 40837K [0x0000000080000000, 0x0000000100000000)
  region size 1024K, 35 young (35840K), 3 survivors (3072K)
 Metaspace       used 12158K, committed 12416K, reserved 1114112K
  class space    used 1277K, committed 1408K, reserved 1048576K
}
Event: 0.971 GC heap after
{Heap after GC invocations=2 (full 0):
 garbage-first heap   total 253952K, used 11809K [0x0000000080000000, 0x0000000100000000)
  region size 1024K, 3 young (3072K), 3 survivors (3072K)
 Metaspace       used 12158K, committed 12416K, reserved 1114112K
  class space    used 1277K, committed 1408K, reserved 1048576K
}
Event: 1.599 GC heap before
{Heap before GC invocations=2 (full 0):
 garbage-first heap   total 253952K, used 58913K [0x0000000080000000, 0x0000000100000000)
  region size 1024K, 48 young (49152K), 3 survivors (3072K)
 Metaspace       used 14526K, committed 14784K, reserved 1114112K
  class space    used 1581K, committed 1664K, reserved 1048576K
}
Event: 1.615 GC heap after
{Heap after GC invocations=3 (full 0):
 garbage-first heap   total 253952K, used 18276K [0x0000000080000000, 0x0000000100000000)
  region size 1024K, 6 young (6144K), 6 survivors (6144K)
 Metaspace       used 14526K, committed 14784K, reserved 1114112K
  class space    used 1581K, committed 1664K, reserved 1048576K
}
Event: 2.144 GC heap before
{Heap before GC invocations=3 (full 0):
 garbage-first heap   total 253952K, used 42852K [0x0000000080000000, 0x0000000100000000)
  region size 1024K, 31 young (31744K), 6 survivors (6144K)
 Metaspace       used 21168K, committed 21504K, reserved 1114112K
  class space    used 2437K, committed 2624K, reserved 1048576K
}
Event: 2.148 GC heap after
{Heap after GC invocations=4 (full 0):
 garbage-first heap   total 253952K, used 21348K [0x0000000080000000, 0x0000000100000000)
  region size 1024K, 9 young (9216K), 9 survivors (9216K)
 Metaspace       used 21168K, committed 21504K, reserved 1114112K
  class space    used 2437K, committed 2624K, reserved 1048576K
}
Event: 2.659 GC heap before
{Heap before GC invocations=5 (full 0):
 garbage-first heap   total 71680K, used 54116K [0x0000000080000000, 0x0000000100000000)
  region size 1024K, 42 young (43008K), 9 survivors (9216K)
 Metaspace       used 27160K, committed 27648K, reserved 1114112K
  class space    used 3365K, committed 3584K, reserved 1048576K
}
Event: 2.665 GC heap after
{Heap after GC invocations=6 (full 0):
 garbage-first heap   total 71680K, used 23096K [0x0000000080000000, 0x0000000100000000)
  region size 1024K, 5 young (5120K), 5 survivors (5120K)
 Metaspace       used 27160K, committed 27648K, reserved 1114112K
  class space    used 3365K, committed 3584K, reserved 1048576K
}
Event: 3.484 GC heap before
{Heap before GC invocations=6 (full 0):
 garbage-first heap   total 71680K, used 56888K [0x0000000080000000, 0x0000000100000000)
  region size 1024K, 38 young (38912K), 5 survivors (5120K)
 Metaspace       used 31675K, committed 32384K, reserved 1114112K
  class space    used 4119K, committed 4480K, reserved 1048576K
}
Event: 3.489 GC heap after
{Heap after GC invocations=7 (full 0):
 garbage-first heap   total 71680K, used 25844K [0x0000000080000000, 0x0000000100000000)
  region size 1024K, 5 young (5120K), 5 survivors (5120K)
 Metaspace       used 31675K, committed 32384K, reserved 1114112K
  class space    used 4119K, committed 4480K, reserved 1048576K
}
Event: 3.942 GC heap before
{Heap before GC invocations=7 (full 0):
 garbage-first heap   total 71680K, used 50420K [0x0000000080000000, 0x0000000100000000)
  region size 1024K, 30 young (30720K), 5 survivors (5120K)
 Metaspace       used 35246K, committed 36096K, reserved 1114112K
  class space    used 4718K, committed 5184K, reserved 1048576K
}
Event: 3.947 GC heap after
{Heap after GC invocations=8 (full 0):
 garbage-first heap   total 71680K, used 27037K [0x0000000080000000, 0x0000000100000000)
  region size 1024K, 2 young (2048K), 2 survivors (2048K)
 Metaspace       used 35246K, committed 36096K, reserved 1114112K
  class space    used 4718K, committed 5184K, reserved 1048576K
}
Event: 4.522 GC heap before
{Heap before GC invocations=9 (full 0):
 garbage-first heap   total 71680K, used 60829K [0x0000000080000000, 0x0000000100000000)
  region size 1024K, 35 young (35840K), 2 survivors (2048K)
 Metaspace       used 39704K, committed 40896K, reserved 1114112K
  class space    used 5432K, committed 6016K, reserved 1048576K
}
Event: 4.525 GC heap after
{Heap after GC invocations=10 (full 0):
 garbage-first heap   total 89088K, used 28672K [0x0000000080000000, 0x0000000100000000)
  region size 1024K, 3 young (3072K), 3 survivors (3072K)
 Metaspace       used 39704K, committed 40896K, reserved 1114112K
  class space    used 5432K, committed 6016K, reserved 1048576K
}
Event: 5.161 GC heap before
{Heap before GC invocations=10 (full 0):
 garbage-first heap   total 89088K, used 76800K [0x0000000080000000, 0x0000000100000000)
  region size 1024K, 51 young (52224K), 3 survivors (3072K)
 Metaspace       used 46456K, committed 47744K, reserved 1114112K
  class space    used 6200K, committed 6848K, reserved 1048576K
}
Event: 5.166 GC heap after
{Heap after GC invocations=11 (full 0):
 garbage-first heap   total 89088K, used 33240K [0x0000000080000000, 0x0000000100000000)
  region size 1024K, 7 young (7168K), 7 survivors (7168K)
 Metaspace       used 46456K, committed 47744K, reserved 1114112K
  class space    used 6200K, committed 6848K, reserved 1048576K
}
Event: 5.700 GC heap before
{Heap before GC invocations=11 (full 0):
 garbage-first heap   total 89088K, used 76248K [0x0000000080000000, 0x0000000100000000)
  region size 1024K, 49 young (50176K), 7 survivors (7168K)
 Metaspace       used 49377K, committed 50816K, reserved 1114112K
  class space    used 6671K, committed 7424K, reserved 1048576K
}
Event: 5.705 GC heap after
{Heap after GC invocations=12 (full 0):
 garbage-first heap   total 89088K, used 36488K [0x0000000080000000, 0x0000000100000000)
  region size 1024K, 3 young (3072K), 3 survivors (3072K)
 Metaspace       used 49377K, committed 50816K, reserved 1114112K
  class space    used 6671K, committed 7424K, reserved 1048576K
}

Dll operation events (3 events):
Event: 0.011 Loaded shared library D:\uit\hkvi\NT118\Setup\Android Studio\jbr\bin\java.dll
Event: 0.018 Loaded shared library D:\uit\hkvi\NT118\Setup\Android Studio\jbr\bin\zip.dll
Event: 0.529 Loaded shared library D:\uit\hkvi\NT118\Setup\Android Studio\jbr\bin\verify.dll

Deoptimization events (20 events):
Event: 5.767 Thread 0x000001b068c2b3a0 Uncommon trap: trap_request=0xffffff45 fr.pc=0x000001b055b1c6d4 relative=0x00000000000008b4
Event: 5.767 Thread 0x000001b068c2b3a0 Uncommon trap: reason=unstable_if action=reinterpret pc=0x000001b055b1c6d4 method=java.lang.Class.getPackageName()Ljava/lang/String; @ 55 c2
Event: 5.767 Thread 0x000001b068c2b3a0 DEOPT PACKING pc=0x000001b055b1c6d4 sp=0x0000007e246f95e0
Event: 5.767 Thread 0x000001b068c2b3a0 DEOPT UNPACKING pc=0x000001b0553f46a2 sp=0x0000007e246f95b0 mode 2
Event: 5.802 Thread 0x000001b068c2b3a0 Uncommon trap: trap_request=0xffffffde fr.pc=0x000001b055a4edc4 relative=0x0000000000000c84
Event: 5.802 Thread 0x000001b068c2b3a0 Uncommon trap: reason=class_check action=maybe_recompile pc=0x000001b055a4edc4 method=jdk.internal.loader.URLClassPath.getLoader(I)Ljdk/internal/loader/URLClassPath$Loader; @ 190 c2
Event: 5.802 Thread 0x000001b068c2b3a0 DEOPT PACKING pc=0x000001b055a4edc4 sp=0x0000007e246f9410
Event: 5.802 Thread 0x000001b068c2b3a0 DEOPT UNPACKING pc=0x000001b0553f46a2 sp=0x0000007e246f93e0 mode 2
Event: 5.802 Thread 0x000001b068c2b3a0 Uncommon trap: trap_request=0xffffffde fr.pc=0x000001b055b7bb20 relative=0x0000000000000200
Event: 5.802 Thread 0x000001b068c2b3a0 Uncommon trap: reason=class_check action=maybe_recompile pc=0x000001b055b7bb20 method=jdk.internal.loader.URLClassPath.getResource(Ljava/lang/String;Z)Ljdk/internal/loader/Resource; @ 53 c2
Event: 5.802 Thread 0x000001b068c2b3a0 DEOPT PACKING pc=0x000001b055b7bb20 sp=0x0000007e246f94b0
Event: 5.802 Thread 0x000001b068c2b3a0 DEOPT UNPACKING pc=0x000001b0553f46a2 sp=0x0000007e246f9440 mode 2
Event: 5.812 Thread 0x000001b068c2b3a0 Uncommon trap: trap_request=0xffffffde fr.pc=0x000001b055a4edc4 relative=0x0000000000000c84
Event: 5.812 Thread 0x000001b068c2b3a0 Uncommon trap: reason=class_check action=maybe_recompile pc=0x000001b055a4edc4 method=jdk.internal.loader.URLClassPath.getLoader(I)Ljdk/internal/loader/URLClassPath$Loader; @ 190 c2
Event: 5.812 Thread 0x000001b068c2b3a0 DEOPT PACKING pc=0x000001b055a4edc4 sp=0x0000007e246f92e0
Event: 5.812 Thread 0x000001b068c2b3a0 DEOPT UNPACKING pc=0x000001b0553f46a2 sp=0x0000007e246f92b0 mode 2
Event: 5.812 Thread 0x000001b068c2b3a0 Uncommon trap: trap_request=0xffffffde fr.pc=0x000001b055b7bb20 relative=0x0000000000000200
Event: 5.812 Thread 0x000001b068c2b3a0 Uncommon trap: reason=class_check action=maybe_recompile pc=0x000001b055b7bb20 method=jdk.internal.loader.URLClassPath.getResource(Ljava/lang/String;Z)Ljdk/internal/loader/Resource; @ 53 c2
Event: 5.812 Thread 0x000001b068c2b3a0 DEOPT PACKING pc=0x000001b055b7bb20 sp=0x0000007e246f9380
Event: 5.812 Thread 0x000001b068c2b3a0 DEOPT UNPACKING pc=0x000001b0553f46a2 sp=0x0000007e246f9310 mode 2

Classes loaded (20 events):
Event: 5.289 Loading class java/nio/charset/CharacterCodingException
Event: 5.289 Loading class java/nio/charset/CharacterCodingException done
Event: 5.419 Loading class java/util/stream/Streams$RangeIntSpliterator
Event: 5.420 Loading class java/util/stream/Streams$RangeIntSpliterator done
Event: 5.458 Loading class jdk/internal/loader/URLClassPath$FileLoader
Event: 5.458 Loading class jdk/internal/loader/URLClassPath$FileLoader done
Event: 5.460 Loading class jdk/internal/loader/URLClassPath$FileLoader$1
Event: 5.460 Loading class jdk/internal/loader/URLClassPath$FileLoader$1 done
Event: 5.750 Loading class java/util/PrimitiveIterator$OfInt
Event: 5.750 Loading class java/util/PrimitiveIterator
Event: 5.750 Loading class java/util/PrimitiveIterator done
Event: 5.750 Loading class java/util/PrimitiveIterator$OfInt done
Event: 5.754 Loading class java/util/concurrent/RecursiveAction
Event: 5.754 Loading class java/util/concurrent/RecursiveAction done
Event: 5.793 Loading class java/util/concurrent/atomic/AtomicReferenceFieldUpdater
Event: 5.793 Loading class java/util/concurrent/atomic/AtomicReferenceFieldUpdater done
Event: 5.793 Loading class java/util/concurrent/atomic/AtomicReferenceFieldUpdater$AtomicReferenceFieldUpdaterImpl
Event: 5.793 Loading class java/util/concurrent/atomic/AtomicReferenceFieldUpdater$AtomicReferenceFieldUpdaterImpl done
Event: 5.793 Loading class java/util/concurrent/atomic/AtomicReferenceFieldUpdater$AtomicReferenceFieldUpdaterImpl$1
Event: 5.793 Loading class java/util/concurrent/atomic/AtomicReferenceFieldUpdater$AtomicReferenceFieldUpdaterImpl$1 done

Classes unloaded (0 events):
No events

Classes redefined (0 events):
No events

Internal exceptions (20 events):
Event: 5.512 Thread 0x000001b068c2b3a0 Exception <a 'java/lang/NoSuchMethodError'{0x0000000083859158}: 'java.lang.Object java.lang.invoke.DirectMethodHandle$Holder.invokeSpecial(java.lang.Object, java.lang.Object, java.lang.Object, java.lang.Object, java.lang.Object, java.lang.Object, java.lang.Object, java.lang.Object, java.lang.Object, java.lang.Object, java.lang.Object, java.lang.Object, java.lang.Object, java.lang.Object)'> (0x0000000083859158) 
thrown [s\src\hotspot\share\interpreter\linkResolver.cpp, line 784]
Event: 5.513 Thread 0x000001b068c2b3a0 Exception <a 'java/lang/NoSuchMethodError'{0x000000008385e0f8}: 'java.lang.Object java.lang.invoke.DelegatingMethodHandle$Holder.reinvoke_L(java.lang.Object, java.lang.Object, java.lang.Object, java.lang.Object, java.lang.Object, java.lang.Object, java.lang.Object, java.lang.Object, java.lang.Object, java.lang.Object, java.lang.Object, java.lang.Object, java.lang.Object)'> (0x000000008385e0f8) 
thrown [s\src\hotspot\share\interpreter\linkResolver.cpp, line 784]
Event: 5.569 Thread 0x000001b068c2b3a0 Exception <a 'java/lang/NoSuchMethodError'{0x000000008356ff20}: 'java.lang.Object java.lang.invoke.DirectMethodHandle$Holder.newInvokeSpecial(java.lang.Object, java.lang.Object, java.lang.Object, java.lang.Object, int)'> (0x000000008356ff20) 
thrown [s\src\hotspot\share\interpreter\linkResolver.cpp, line 784]
Event: 5.569 Thread 0x000001b068c2b3a0 Exception <a 'java/lang/NoSuchMethodError'{0x0000000083574fa8}: 'java.lang.Object java.lang.invoke.DirectMethodHandle$Holder.invokeSpecial(java.lang.Object, java.lang.Object, java.lang.Object, java.lang.Object, java.lang.Object, int)'> (0x0000000083574fa8) 
thrown [s\src\hotspot\share\interpreter\linkResolver.cpp, line 784]
Event: 5.569 Thread 0x000001b068c2b3a0 Exception <a 'java/lang/NoSuchMethodError'{0x0000000083579738}: 'java.lang.Object java.lang.invoke.Invokers$Holder.linkToTargetMethod(java.lang.Object, java.lang.Object, java.lang.Object, int, java.lang.Object)'> (0x0000000083579738) 
thrown [s\src\hotspot\share\interpreter\linkResolver.cpp, line 784]
Event: 5.615 Thread 0x000001b068c2b3a0 Exception <a 'java/lang/NoSuchMethodError'{0x00000000833d4dc8}: 'int java.lang.invoke.DirectMethodHandle$Holder.invokeInterface(java.lang.Object, java.lang.Object, java.lang.Object, java.lang.Object)'> (0x00000000833d4dc8) 
thrown [s\src\hotspot\share\interpreter\linkResolver.cpp, line 784]
Event: 5.648 Thread 0x000001b068c2b3a0 Exception <a 'java/lang/NoSuchMethodError'{0x000000008302fb50}: 'java.lang.Object java.lang.invoke.DirectMethodHandle$Holder.invokeStatic(java.lang.Object, long, java.lang.Object)'> (0x000000008302fb50) 
thrown [s\src\hotspot\share\interpreter\linkResolver.cpp, line 784]
Event: 5.648 Thread 0x000001b068c2b3a0 Exception <a 'java/lang/NoSuchMethodError'{0x0000000083036df8}: 'java.lang.Object java.lang.invoke.DirectMethodHandle$Holder.newInvokeSpecial(java.lang.Object, long)'> (0x0000000083036df8) 
thrown [s\src\hotspot\share\interpreter\linkResolver.cpp, line 784]
Event: 5.655 Thread 0x000001b068c2b3a0 Exception <a 'java/lang/NoSuchMethodError'{0x0000000083093708}: 'java.lang.Object java.lang.invoke.DirectMethodHandle$Holder.newInvokeSpecial(java.lang.Object, java.lang.Object, java.lang.Object, java.lang.Object, java.lang.Object, long)'> (0x0000000083093708) 
thrown [s\src\hotspot\share\interpreter\linkResolver.cpp, line 784]
Event: 5.655 Thread 0x000001b068c2b3a0 Exception <a 'java/lang/NoSuchMethodError'{0x0000000083098628}: 'java.lang.Object java.lang.invoke.DirectMethodHandle$Holder.invokeSpecial(java.lang.Object, java.lang.Object, java.lang.Object, java.lang.Object, java.lang.Object, java.lang.Object, long)'> (0x0000000083098628) 
thrown [s\src\hotspot\share\interpreter\linkResolver.cpp, line 784]
Event: 5.655 Thread 0x000001b068c2b3a0 Exception <a 'java/lang/NoSuchMethodError'{0x000000008309cc18}: 'java.lang.Object java.lang.invoke.Invokers$Holder.linkToTargetMethod(java.lang.Object, java.lang.Object, java.lang.Object, java.lang.Object, long, java.lang.Object)'> (0x000000008309cc18) 
thrown [s\src\hotspot\share\interpreter\linkResolver.cpp, line 784]
Event: 5.660 Thread 0x000001b068c2b3a0 Exception <a 'java/lang/NoSuchMethodError'{0x00000000830e5118}: 'java.lang.Object java.lang.invoke.DirectMethodHandle$Holder.newInvokeSpecial(java.lang.Object, java.lang.Object, java.lang.Object, long)'> (0x00000000830e5118) 
thrown [s\src\hotspot\share\interpreter\linkResolver.cpp, line 784]
Event: 5.660 Thread 0x000001b068c2b3a0 Exception <a 'java/lang/NoSuchMethodError'{0x00000000830e9ca8}: 'java.lang.Object java.lang.invoke.DirectMethodHandle$Holder.invokeSpecial(java.lang.Object, java.lang.Object, java.lang.Object, java.lang.Object, long)'> (0x00000000830e9ca8) 
thrown [s\src\hotspot\share\interpreter\linkResolver.cpp, line 784]
Event: 5.660 Thread 0x000001b068c2b3a0 Exception <a 'java/lang/NoSuchMethodError'{0x00000000830ede78}: 'java.lang.Object java.lang.invoke.Invokers$Holder.linkToTargetMethod(java.lang.Object, java.lang.Object, long, java.lang.Object)'> (0x00000000830ede78) 
thrown [s\src\hotspot\share\interpreter\linkResolver.cpp, line 784]
Event: 5.693 Thread 0x000001b068c2b3a0 Exception <a 'java/lang/NoSuchMethodError'{0x0000000082d18e10}: 'java.lang.Object java.lang.invoke.DirectMethodHandle$Holder.newInvokeSpecial(java.lang.Object, java.lang.Object, java.lang.Object, java.lang.Object, java.lang.Object, java.lang.Object, java.lang.Object, java.lang.Object, java.lang.Object, java.lang.Object, java.lang.Object, java.lang.Object, java.lang.Object, java.lang.Object, java.lang.Object, java.lang.Object, java.lang.Object, java.lang.Object, java.lang.Object, java.lang.Object, java.lang
Event: 5.738 Thread 0x000001b068c2b3a0 Implicit null exception at 0x000001b055a487fc to 0x000001b055a488ac
Event: 5.868 Thread 0x000001b068c2b3a0 Exception <a 'java/lang/NoSuchMethodError'{0x000000008d60ac50}: 'java.lang.Object java.lang.invoke.DirectMethodHandle$Holder.newInvokeSpecial(java.lang.Object, java.lang.Object, java.lang.Object, java.lang.Object, java.lang.Object, java.lang.Object, java.lang.Object, java.lang.Object, java.lang.Object, java.lang.Object, java.lang.Object, java.lang.Object, java.lang.Object, java.lang.Object, java.lang.Object, java.lang.Object, java.lang.Object, java.lang.Object, java.lang.Object)'> (0x000000008d60ac50) 
thr
Event: 5.869 Thread 0x000001b068c2b3a0 Exception <a 'java/lang/NoSuchMethodError'{0x000000008d6116c0}: 'java.lang.Object java.lang.invoke.DirectMethodHandle$Holder.invokeSpecial(java.lang.Object, java.lang.Object, java.lang.Object, java.lang.Object, java.lang.Object, java.lang.Object, java.lang.Object, java.lang.Object, java.lang.Object, java.lang.Object, java.lang.Object, java.lang.Object, java.lang.Object, java.lang.Object, java.lang.Object, java.lang.Object, java.lang.Object, java.lang.Object, java.lang.Object, java.lang.Object)'> (0x0000000
Event: 5.870 Thread 0x000001b068c2b3a0 Exception <a 'java/lang/NoSuchMethodError'{0x000000008d616f20}: 'java.lang.Object java.lang.invoke.DelegatingMethodHandle$Holder.reinvoke_L(java.lang.Object, java.lang.Object, java.lang.Object, java.lang.Object, java.lang.Object, java.lang.Object, java.lang.Object, java.lang.Object, java.lang.Object, java.lang.Object, java.lang.Object, java.lang.Object, java.lang.Object, java.lang.Object, java.lang.Object, java.lang.Object, java.lang.Object, java.lang.Object, java.lang.Object)'> (0x000000008d616f20) 
throw
Event: 5.889 Thread 0x000001b068c2b3a0 Exception <a 'java/lang/IncompatibleClassChangeError'{0x000000008d6e1eb0}: Found class java.lang.Object, but interface was expected> (0x000000008d6e1eb0) 
thrown [s\src\hotspot\share\interpreter\linkResolver.cpp, line 851]

ZGC Phase Switch (0 events):
No events

VM Operations (20 events):
Event: 4.873 Executing VM operation: HandshakeAllThreads (Deoptimize)
Event: 4.873 Executing VM operation: HandshakeAllThreads (Deoptimize) done
Event: 4.877 Executing VM operation: HandshakeAllThreads (Deoptimize)
Event: 4.877 Executing VM operation: HandshakeAllThreads (Deoptimize) done
Event: 4.950 Executing VM operation: HandshakeAllThreads (Deoptimize)
Event: 4.950 Executing VM operation: HandshakeAllThreads (Deoptimize) done
Event: 4.993 Executing VM operation: ICBufferFull
Event: 4.993 Executing VM operation: ICBufferFull done
Event: 5.161 Executing VM operation: G1CollectForAllocation (G1 Evacuation Pause)
Event: 5.166 Executing VM operation: G1CollectForAllocation (G1 Evacuation Pause) done
Event: 5.246 Executing VM operation: HandshakeAllThreads (Deoptimize)
Event: 5.246 Executing VM operation: HandshakeAllThreads (Deoptimize) done
Event: 5.280 Executing VM operation: HandshakeAllThreads (Deoptimize)
Event: 5.280 Executing VM operation: HandshakeAllThreads (Deoptimize) done
Event: 5.559 Executing VM operation: HandshakeAllThreads (Deoptimize)
Event: 5.559 Executing VM operation: HandshakeAllThreads (Deoptimize) done
Event: 5.614 Executing VM operation: HandshakeAllThreads (Deoptimize)
Event: 5.614 Executing VM operation: HandshakeAllThreads (Deoptimize) done
Event: 5.700 Executing VM operation: G1CollectForAllocation (G1 Evacuation Pause)
Event: 5.705 Executing VM operation: G1CollectForAllocation (G1 Evacuation Pause) done

Memory protections (0 events):
No events

Nmethod flushes (20 events):
Event: 3.958 Thread 0x000001b06287eae0 flushing  nmethod 0x000001b04de85f90
Event: 3.958 Thread 0x000001b06287eae0 flushing  nmethod 0x000001b04de86910
Event: 3.958 Thread 0x000001b06287eae0 flushing  nmethod 0x000001b04de86f10
Event: 3.958 Thread 0x000001b06287eae0 flushing  nmethod 0x000001b04de88110
Event: 3.958 Thread 0x000001b06287eae0 flushing  nmethod 0x000001b04de88e10
Event: 3.958 Thread 0x000001b06287eae0 flushing  nmethod 0x000001b04de8a510
Event: 3.958 Thread 0x000001b06287eae0 flushing  nmethod 0x000001b04df14510
Event: 3.958 Thread 0x000001b06287eae0 flushing  nmethod 0x000001b04df15290
Event: 3.958 Thread 0x000001b06287eae0 flushing  nmethod 0x000001b04df15a10
Event: 3.958 Thread 0x000001b06287eae0 flushing  nmethod 0x000001b04df15d90
Event: 3.958 Thread 0x000001b06287eae0 flushing  nmethod 0x000001b04dfc1d90
Event: 3.958 Thread 0x000001b06287eae0 flushing  nmethod 0x000001b04dfcad10
Event: 3.958 Thread 0x000001b06287eae0 flushing  nmethod 0x000001b04dfcb290
Event: 3.958 Thread 0x000001b06287eae0 flushing  nmethod 0x000001b04dfceb90
Event: 3.958 Thread 0x000001b06287eae0 flushing  nmethod 0x000001b04dfcfb10
Event: 3.958 Thread 0x000001b06287eae0 flushing  nmethod 0x000001b04dfd0510
Event: 3.958 Thread 0x000001b06287eae0 flushing  nmethod 0x000001b04e051e90
Event: 3.958 Thread 0x000001b06287eae0 flushing  nmethod 0x000001b04e052910
Event: 3.958 Thread 0x000001b06287eae0 flushing  nmethod 0x000001b04e159610
Event: 3.958 Thread 0x000001b06287eae0 flushing  nmethod 0x000001b04e15c090

Events (20 events):
Event: 2.055 Thread 0x000001b068c07680 Thread added: 0x000001b068cd8980
Event: 2.080 Thread 0x000001b068c07680 Thread added: 0x000001b068c29c00
Event: 2.086 Thread 0x000001b068c07680 Thread added: 0x000001b068c2b3a0
Event: 2.093 Thread 0x000001b068c2b3a0 Thread added: 0x000001b068c2ba00
Event: 2.097 Thread 0x000001b068c2b3a0 Thread added: 0x000001b068ddb970
Event: 2.099 Thread 0x000001b068c2b3a0 Thread added: 0x000001b068dd9210
Event: 2.391 Thread 0x000001b068c2b3a0 Thread added: 0x000001b068ddc690
Event: 2.405 Thread 0x000001b068c2b3a0 Thread added: 0x000001b068ddb2e0
Event: 2.433 Thread 0x000001b068c2b3a0 Thread added: 0x000001b068ddc000
Event: 2.596 Thread 0x000001b0629a8110 Thread added: 0x000001b0629a6ca0
Event: 3.461 Thread 0x000001b068c2b3a0 Thread added: 0x000001b068dd98a0
Event: 3.490 Thread 0x000001b068c2b3a0 Thread added: 0x000001b068dda5c0
Event: 3.702 Thread 0x000001b068c2b3a0 Thread added: 0x000001b068dd9f30
Event: 3.707 Thread 0x000001b068c2b3a0 Thread added: 0x000001b068ddac50
Event: 3.790 Thread 0x000001b0629a6ca0 Thread exited: 0x000001b0629a6ca0
Event: 4.028 Thread 0x000001b068c2b3a0 Thread added: 0x000001b06b63f9f0
Event: 4.074 Thread 0x000001b068c2b3a0 Thread added: 0x000001b06b63dfb0
Event: 4.267 Thread 0x000001b068c2b3a0 Thread added: 0x000001b06b63e640
Event: 4.401 Thread 0x000001b068c2b3a0 Thread added: 0x000001b06b63f360
Event: 4.598 Thread 0x000001b0629a8eb0 Thread added: 0x000001b0629a87e0


Dynamic libraries:
0x00007ff6ffe20000 - 0x00007ff6ffe2a000 	D:\uit\hkvi\NT118\Setup\Android Studio\jbr\bin\java.exe
0x00007ffe3b400000 - 0x00007ffe3b660000 	C:\WINDOWS\SYSTEM32\ntdll.dll
0x00007ffe39b40000 - 0x00007ffe39c07000 	C:\WINDOWS\System32\KERNEL32.DLL
0x00007ffe38a10000 - 0x00007ffe38dda000 	C:\WINDOWS\System32\KERNELBASE.dll
0x00007ffe388c0000 - 0x00007ffe38a0b000 	C:\WINDOWS\System32\ucrtbase.dll
0x00007ffe304f0000 - 0x00007ffe3050b000 	D:\uit\hkvi\NT118\Setup\Android Studio\jbr\bin\VCRUNTIME140.dll
0x00007ffe1f070000 - 0x00007ffe1f088000 	D:\uit\hkvi\NT118\Setup\Android Studio\jbr\bin\jli.dll
0x00007ffe39230000 - 0x00007ffe393fc000 	C:\WINDOWS\System32\USER32.dll
0x00007ffe270e0000 - 0x00007ffe27379000 	C:\WINDOWS\WinSxS\amd64_microsoft.windows.common-controls_6595b64144ccf1df_6.0.26100.3575_none_3e0d5430e32ff727\COMCTL32.dll
0x00007ffe38890000 - 0x00007ffe388b7000 	C:\WINDOWS\System32\win32u.dll
0x00007ffe3b250000 - 0x00007ffe3b27a000 	C:\WINDOWS\System32\GDI32.dll
0x00007ffe3a3f0000 - 0x00007ffe3a499000 	C:\WINDOWS\System32\msvcrt.dll
0x00007ffe390c0000 - 0x00007ffe391f1000 	C:\WINDOWS\System32\gdi32full.dll
0x00007ffe385e0000 - 0x00007ffe38683000 	C:\WINDOWS\System32\msvcp_win.dll
0x00007ffe3aa10000 - 0x00007ffe3aa3f000 	C:\WINDOWS\System32\IMM32.DLL
0x00007ffe30ce0000 - 0x00007ffe30cec000 	D:\uit\hkvi\NT118\Setup\Android Studio\jbr\bin\vcruntime140_1.dll
0x00007ffdec8c0000 - 0x00007ffdec94d000 	D:\uit\hkvi\NT118\Setup\Android Studio\jbr\bin\msvcp140.dll
0x00007ffde2780000 - 0x00007ffde340a000 	D:\uit\hkvi\NT118\Setup\Android Studio\jbr\bin\server\jvm.dll
0x00007ffe396c0000 - 0x00007ffe39772000 	C:\WINDOWS\System32\ADVAPI32.dll
0x00007ffe3b310000 - 0x00007ffe3b3b6000 	C:\WINDOWS\System32\sechost.dll
0x00007ffe395a0000 - 0x00007ffe396b6000 	C:\WINDOWS\System32\RPCRT4.dll
0x00007ffe3b280000 - 0x00007ffe3b2f4000 	C:\WINDOWS\System32\WS2_32.dll
0x00007ffe382a0000 - 0x00007ffe382fe000 	C:\WINDOWS\SYSTEM32\POWRPROF.dll
0x00007ffe2fa90000 - 0x00007ffe2fac6000 	C:\WINDOWS\SYSTEM32\WINMM.dll
0x00007ffe2fad0000 - 0x00007ffe2fadb000 	C:\WINDOWS\SYSTEM32\VERSION.dll
0x00007ffe38280000 - 0x00007ffe38294000 	C:\WINDOWS\SYSTEM32\UMPDC.dll
0x00007ffe373f0000 - 0x00007ffe3740a000 	C:\WINDOWS\SYSTEM32\kernel.appcore.dll
0x00007ffe30470000 - 0x00007ffe3047a000 	D:\uit\hkvi\NT118\Setup\Android Studio\jbr\bin\jimage.dll
0x00007ffe2a980000 - 0x00007ffe2abc1000 	C:\WINDOWS\SYSTEM32\DBGHELP.DLL
0x00007ffe39fb0000 - 0x00007ffe3a333000 	C:\WINDOWS\System32\combase.dll
0x00007ffe3a930000 - 0x00007ffe3aa06000 	C:\WINDOWS\System32\OLEAUT32.dll
0x00007ffe14790000 - 0x00007ffe147c9000 	C:\WINDOWS\SYSTEM32\dbgcore.DLL
0x00007ffe39020000 - 0x00007ffe390b9000 	C:\WINDOWS\System32\bcryptPrimitives.dll
0x00007ffe30120000 - 0x00007ffe3012e000 	D:\uit\hkvi\NT118\Setup\Android Studio\jbr\bin\instrument.dll
0x00007ffe30450000 - 0x00007ffe30470000 	D:\uit\hkvi\NT118\Setup\Android Studio\jbr\bin\java.dll
0x00007ffe30020000 - 0x00007ffe30038000 	D:\uit\hkvi\NT118\Setup\Android Studio\jbr\bin\zip.dll
0x00007ffe3ab20000 - 0x00007ffe3b249000 	C:\WINDOWS\System32\SHELL32.dll
0x00007ffe38720000 - 0x00007ffe38888000 	C:\WINDOWS\System32\wintypes.dll
0x00007ffe36250000 - 0x00007ffe36aa3000 	C:\WINDOWS\SYSTEM32\windows.storage.dll
0x00007ffe39780000 - 0x00007ffe3986d000 	C:\WINDOWS\System32\SHCORE.dll
0x00007ffe3aab0000 - 0x00007ffe3ab15000 	C:\WINDOWS\System32\shlwapi.dll
0x00007ffe384f0000 - 0x00007ffe3851f000 	C:\WINDOWS\SYSTEM32\profapi.dll
0x00007ffe30350000 - 0x00007ffe30360000 	D:\uit\hkvi\NT118\Setup\Android Studio\jbr\bin\net.dll
0x00007ffe31890000 - 0x00007ffe319ae000 	C:\WINDOWS\SYSTEM32\WINHTTP.dll
0x00007ffe37910000 - 0x00007ffe3797a000 	C:\WINDOWS\system32\mswsock.dll
0x00007ffe21e60000 - 0x00007ffe21e76000 	D:\uit\hkvi\NT118\Setup\Android Studio\jbr\bin\nio.dll
0x00007ffe02d20000 - 0x00007ffe02d30000 	D:\uit\hkvi\NT118\Setup\Android Studio\jbr\bin\verify.dll
0x00007ffdeced0000 - 0x00007ffdecef7000 	C:\Users\Admin\.gradle\native\c067742578af261105cb4f569cf0c3c89f3d7b1fecec35dd04571415982c5e48\windows-amd64\native-platform.dll
0x00007ffdd5170000 - 0x00007ffdd52b4000 	C:\Users\Admin\.gradle\native\100fb08df4bc3b14c8652ba06237920a3bd2aa13389f12d3474272988ae205f9\windows-amd64\native-platform-file-events.dll
0x00007ffe25cc0000 - 0x00007ffe25cc9000 	D:\uit\hkvi\NT118\Setup\Android Studio\jbr\bin\management.dll
0x00007ffe02d40000 - 0x00007ffe02d4b000 	D:\uit\hkvi\NT118\Setup\Android Studio\jbr\bin\management_ext.dll
0x00007ffe3b300000 - 0x00007ffe3b308000 	C:\WINDOWS\System32\PSAPI.DLL
0x00007ffe37bb0000 - 0x00007ffe37bcc000 	C:\WINDOWS\SYSTEM32\CRYPTSP.dll
0x00007ffe37350000 - 0x00007ffe3738a000 	C:\WINDOWS\system32\rsaenh.dll
0x00007ffe379b0000 - 0x00007ffe379db000 	C:\WINDOWS\SYSTEM32\USERENV.dll
0x00007ffe37df0000 - 0x00007ffe37e16000 	C:\WINDOWS\SYSTEM32\bcrypt.dll
0x00007ffe37bd0000 - 0x00007ffe37bdc000 	C:\WINDOWS\SYSTEM32\CRYPTBASE.dll
0x00007ffe36d70000 - 0x00007ffe36da3000 	C:\WINDOWS\SYSTEM32\IPHLPAPI.DLL
0x00007ffe39870000 - 0x00007ffe3987a000 	C:\WINDOWS\System32\NSI.dll
0x00007ffe30110000 - 0x00007ffe30119000 	D:\uit\hkvi\NT118\Setup\Android Studio\jbr\bin\extnet.dll
0x00007ffdfc2b0000 - 0x00007ffdfc2b8000 	C:\WINDOWS\system32\wshunix.dll

dbghelp: loaded successfully - version: 4.0.5 - missing functions: none
symbol engine: initialized successfully - sym options: 0x614 - pdb path: .;D:\uit\hkvi\NT118\Setup\Android Studio\jbr\bin;C:\WINDOWS\SYSTEM32;C:\WINDOWS\WinSxS\amd64_microsoft.windows.common-controls_6595b64144ccf1df_6.0.26100.3575_none_3e0d5430e32ff727;D:\uit\hkvi\NT118\Setup\Android Studio\jbr\bin\server;C:\Users\Admin\.gradle\native\c067742578af261105cb4f569cf0c3c89f3d7b1fecec35dd04571415982c5e48\windows-amd64;C:\Users\Admin\.gradle\native\100fb08df4bc3b14c8652ba06237920a3bd2aa13389f12d3474272988ae205f9\windows-amd64

VM Arguments:
jvm_args: --add-opens=java.base/java.util=ALL-UNNAMED --add-opens=java.base/java.lang=ALL-UNNAMED --add-opens=java.base/java.lang.invoke=ALL-UNNAMED --add-opens=java.prefs/java.util.prefs=ALL-UNNAMED --add-exports=jdk.compiler/com.sun.tools.javac.api=ALL-UNNAMED --add-exports=jdk.compiler/com.sun.tools.javac.util=ALL-UNNAMED --add-opens=java.base/java.nio.charset=ALL-UNNAMED --add-opens=java.base/java.net=ALL-UNNAMED --add-opens=java.base/java.util.concurrent.atomic=ALL-UNNAMED -Xmx2048m -Dfile.encoding=UTF-8 -Duser.country=US -Duser.language=en -Duser.variant -javaagent:C:\Users\Admin\.gradle\wrapper\dists\gradle-8.10.2-bin\a04bxjujx95o3nb99gddekhwo\gradle-8.10.2\lib\agents\gradle-instrumentation-agent-8.10.2.jar 
java_command: org.gradle.launcher.daemon.bootstrap.GradleDaemon 8.10.2
java_class_path (initial): C:\Users\Admin\.gradle\wrapper\dists\gradle-8.10.2-bin\a04bxjujx95o3nb99gddekhwo\gradle-8.10.2\lib\gradle-daemon-main-8.10.2.jar
Launcher Type: SUN_STANDARD

[Global flags]
     intx CICompilerCount                          = 4                                         {product} {ergonomic}
     uint ConcGCThreads                            = 3                                         {product} {ergonomic}
     uint G1ConcRefinementThreads                  = 10                                        {product} {ergonomic}
   size_t G1HeapRegionSize                         = 1048576                                   {product} {ergonomic}
    uintx GCDrainStackTargetSize                   = 64                                        {product} {ergonomic}
   size_t InitialHeapSize                          = 260046848                                 {product} {ergonomic}
   size_t MarkStackSize                            = 4194304                                   {product} {ergonomic}
   size_t MaxHeapSize                              = 2147483648                                {product} {command line}
   size_t MaxNewSize                               = 1287651328                                {product} {ergonomic}
   size_t MinHeapDeltaBytes                        = 1048576                                   {product} {ergonomic}
   size_t MinHeapSize                              = 8388608                                   {product} {ergonomic}
    uintx NonNMethodCodeHeapSize                   = 5839372                                {pd product} {ergonomic}
    uintx NonProfiledCodeHeapSize                  = 122909434                              {pd product} {ergonomic}
    uintx ProfiledCodeHeapSize                     = 122909434                              {pd product} {ergonomic}
    uintx ReservedCodeCacheSize                    = 251658240                              {pd product} {ergonomic}
     bool SegmentedCodeCache                       = true                                      {product} {ergonomic}
   size_t SoftMaxHeapSize                          = 2147483648                             {manageable} {ergonomic}
     bool UseCompressedOops                        = true                           {product lp64_product} {ergonomic}
     bool UseG1GC                                  = true                                      {product} {ergonomic}
     bool UseLargePagesIndividualAllocation        = false                                  {pd product} {ergonomic}

Logging:
Log output configuration:
 #0: stdout all=warning uptime,level,tags foldmultilines=false
 #1: stderr all=off uptime,level,tags foldmultilines=false

Environment Variables:
JAVA_HOME=C:\Program Files\Java\jdk-21
PATH=D:\uit\hkvi\IS211\Oracle_21c_WINDOWS.X64_db_home\bin;C:\Program Files\Common Files\Oracle\Java\javapath;C:\Program Files (x86)\NVIDIA Corporation\PhysX\Common;C:\WINDOWS\system32;C:\WINDOWS;C:\WINDOWS\System32\Wbem;C:\WINDOWS\System32\WindowsPowerShell\v1.0\;C:\WINDOWS\System32\OpenSSH\;C:\Program Files\Microsoft SQL Server\150\Tools\Binn\;C:\Program Files\Microsoft SQL Server\Client SDK\ODBC\170\Tools\Binn\;C:\Program Files\dotnet\;C:\Program Files\Microsoft SQL Server\130\DTS\Binn\;C:\Program Files\Microsoft SQL Server\140\DTS\Binn\;C:\Program Files\Microsoft SQL Server\150\DTS\Binn\;C:\Program Files\Microsoft SQL Server\160\DTS\Binn\;C:\Program Files (x86)\Microsoft SQL Server\160\DTS\Binn\;C:\Program Files (x86)\Microsoft SQL Server\160\Tools\Binn\;C:\Program Files\Microsoft SQL Server\160\Tools\Binn\;C:\Program Files\Git\cmd;C:\Program Files (x86)\Windows Kits\10\Windows Performance Toolkit\;C:\Program Files\Java\jdk-21\bin;C:\Program Files\Perforce\;C:\Program Files\Tailscale\;D:\;C:\Program Files\Docker\Docker\resources\bin;C:\Users\Admin\AppData\Roaming\Python\Python313\Scripts;C:\Program Files\MySQL\MySQL Shell 8.0\bin\;C:\Users\Admin\AppData\Local\Microsoft\WindowsApps;C:\Users\Admin\AppData\Local\Programs\Microsoft VS Code\bin;C:\Users\Admin\.dotnet\tools;C:\Users\Admin\AppData\Roaming\npm
USERNAME=Admin
OS=Windows_NT
PROCESSOR_IDENTIFIER=AMD64 Family 23 Model 96 Stepping 1, AuthenticAMD
TMP=C:\Users\Admin\AppData\Local\Temp
TEMP=C:\Users\Admin\AppData\Local\Temp




Periodic native trim disabled

JNI global refs:
JNI global refs: 25, weak refs: 1

JNI global refs memory usage: 835, weak refs: 833

Process memory usage:
Resident Set Size: 259448K (1% of 16168652K total physical memory with 494472K free physical memory)

OOME stack traces (most recent first):
Classloader memory used:
Loader org.gradle.internal.classloader.VisitableURLClassLoader                         : 23688K
Loader bootstrap                                                                       : 21449K
Loader org.gradle.initialization.MixInLegacyTypesClassLoader                           : 5080K
Loader jdk.internal.loader.ClassLoaders$PlatformClassLoader                            : 497K
Loader jdk.internal.loader.ClassLoaders$AppClassLoader                                 : 234K
Loader org.gradle.internal.classloader.VisitableURLClassLoader                         : 19136B

Classes loaded by more than one classloader:
Class org.gradle.internal.classloader.FilteringClassLoader                            : loaded 2 times (x 101B)
Class org.gradle.internal.classloader.ClassLoaderHierarchy                            : loaded 2 times (x 66B)
Class org.gradle.api.internal.classpath.ManifestUtil                                  : loaded 2 times (x 67B)
Class org.gradle.internal.classloader.DefaultClassLoaderFactory                       : loaded 2 times (x 78B)
Class org.gradle.internal.classloader.ClassLoaderVisitor                              : loaded 2 times (x 72B)
Class org.gradle.api.internal.classpath.EffectiveClassPath                            : loaded 2 times (x 86B)
Class org.gradle.api.internal.DefaultClassPathProvider                                : loaded 2 times (x 72B)
Class [Lorg.gradle.api.internal.ClassPathProvider;                                    : loaded 2 times (x 65B)
Class org.gradle.api.internal.ClassPathProvider                                       : loaded 2 times (x 66B)
Class org.gradle.internal.service.UnknownServiceException                             : loaded 2 times (x 79B)
Class org.gradle.internal.classpath.TransformedClassPath                              : loaded 2 times (x 92B)
Class org.gradle.internal.classloader.InstrumentingClassLoader                        : loaded 2 times (x 66B)
Class org.gradle.internal.service.ServiceLocator                                      : loaded 2 times (x 66B)
Class org.gradle.internal.InternalTransformer                                         : loaded 2 times (x 66B)
Class org.gradle.internal.classloader.ClasspathUtil$1                                 : loaded 2 times (x 72B)
Class org.gradle.api.internal.classpath.DefaultModuleRegistry$DefaultModule           : loaded 2 times (x 82B)
Class org.gradle.api.internal.classpath.Module                                        : loaded 2 times (x 66B)
Class org.gradle.api.internal.classpath.UnknownModuleException                        : loaded 2 times (x 78B)
Class org.gradle.api.internal.DefaultClassPathRegistry                                : loaded 2 times (x 72B)
Class org.gradle.api.internal.ClassPathRegistry                                       : loaded 2 times (x 66B)
Class org.gradle.internal.classpath.DefaultClassPath$ImmutableUniqueList              : loaded 2 times (x 195B)
Class org.gradle.internal.classpath.ClassPath                                         : loaded 2 times (x 66B)
Class org.gradle.api.UncheckedIOException                                             : loaded 2 times (x 78B)
Class org.gradle.internal.installation.GradleInstallation$1                           : loaded 2 times (x 71B)
Class org.gradle.api.internal.classpath.ModuleRegistry                                : loaded 2 times (x 66B)
Class org.gradle.api.internal.classpath.DefaultModuleRegistry                         : loaded 2 times (x 82B)
Class org.gradle.internal.service.ServiceLookupException                              : loaded 2 times (x 78B)
Class org.gradle.internal.classloader.ClassLoaderFactory                              : loaded 2 times (x 66B)
Class org.gradle.internal.service.CachingServiceLocator                               : loaded 2 times (x 78B)
Class org.gradle.internal.classloader.ClasspathUtil                                   : loaded 2 times (x 67B)
Class org.gradle.api.specs.Spec                                                       : loaded 2 times (x 66B)
Class org.gradle.internal.classloader.VisitableURLClassLoader$InstrumentingVisitableURLClassLoader: loaded 2 times (x 119B)
Class org.gradle.internal.classloader.VisitableURLClassLoader$Spec                    : loaded 2 times (x 70B)
Class org.gradle.internal.classpath.DefaultClassPath                                  : loaded 2 times (x 86B)
Class org.gradle.internal.classloader.ClassLoaderSpec                                 : loaded 2 times (x 67B)
Class org.gradle.internal.classloader.VisitableURLClassLoader                         : loaded 2 times (x 113B)
Class org.gradle.internal.Cast                                                        : loaded 2 times (x 67B)
Class org.gradle.api.Action                                                           : loaded 2 times (x 66B)
Class org.gradle.internal.classpath.DefaultClassPath$ImmutableUniqueList$Builder      : loaded 2 times (x 71B)
Class org.gradle.api.GradleException                                                  : loaded 2 times (x 78B)
Class org.gradle.internal.IoActions                                                   : loaded 2 times (x 67B)
Class org.gradle.internal.classloader.SystemClassLoaderSpec                           : loaded 2 times (x 67B)
Class org.gradle.api.internal.classpath.GlobalCacheRootsProvider                      : loaded 2 times (x 66B)
Class org.gradle.internal.installation.CurrentGradleInstallationLocator               : loaded 2 times (x 67B)
Class org.gradle.internal.service.DefaultServiceLocator                               : loaded 2 times (x 79B)
Class org.gradle.internal.installation.CurrentGradleInstallation                      : loaded 2 times (x 69B)
Class org.gradle.util.internal.GUtil                                                  : loaded 2 times (x 67B)
Class org.gradle.internal.installation.GradleInstallation                             : loaded 2 times (x 71B)

---------------  S Y S T E M  ---------------

OS:
 Windows 11 , 64 bit Build 26100 (10.0.26100.3575)
OS uptime: 0 days 1:54 hours
Hyper-V role detected

CPU: total 12 (initial active 12) (12 cores per cpu, 2 threads per core) family 23 model 96 stepping 1 microcode 0x8600106, cx8, cmov, fxsr, ht, mmx, 3dnowpref, sse, sse2, sse3, ssse3, sse4a, sse4.1, sse4.2, popcnt, lzcnt, tsc, tscinvbit, avx, avx2, aes, clmul, bmi1, bmi2, adx, sha, fma, vzeroupper, clflush, clflushopt, hv, rdtscp, rdpid, f16c
Processor Information for all 12 processors :
  Max Mhz: 3001, Current Mhz: 3001, Mhz Limit: 3001

Memory: 4k page, system-wide physical 15789M (482M free)
TotalPageFile size 31165M (AvailPageFile size 4M)
current process WorkingSet (physical memory assigned to process): 254M, peak: 262M
current process commit charge ("private bytes"): 295M, peak: 381M

vm_info: OpenJDK 64-Bit Server VM (21.0.5+-13047016-b750.29) for windows-amd64 JRE (21.0.5+-13047016-b750.29), built on 2025-02-11T21:12:39Z by "builder" with MS VC++ 16.10 / 16.11 (VS2019)

END.
